<?xml version="1.0" encoding="UTF-8"?>
<coverage generated="1762782070409" clover="3.2.0">
  <project timestamp="1762782070409" name="All files">
    <metrics statements="194" coveredstatements="127" conditionals="108" coveredconditionals="70" methods="56" coveredmethods="34" elements="358" coveredelements="231" complexity="0" loc="194" ncloc="194" packages="2" files="3" classes="3"/>
    <package name="src">
      <metrics statements="193" coveredstatements="126" conditionals="108" coveredconditionals="70" methods="55" coveredmethods="33"/>
      <file name="App.jsx" path="/home/etec/Documentos/Proyecto-Inversiones-en-Dolares/Frontend/src/App.jsx">
        <metrics statements="149" coveredstatements="98" conditionals="94" coveredconditionals="62" methods="42" coveredmethods="26"/>
        <line num="6" count="43" type="stmt"/>
        <line num="7" count="43" type="stmt"/>
        <line num="8" count="43" type="stmt"/>
        <line num="10" count="43" type="stmt"/>
        <line num="12" count="43" type="stmt"/>
        <line num="13" count="43" type="stmt"/>
        <line num="14" count="43" type="stmt"/>
        <line num="15" count="43" type="stmt"/>
        <line num="16" count="43" type="stmt"/>
        <line num="17" count="43" type="stmt"/>
        <line num="18" count="43" type="stmt"/>
        <line num="19" count="43" type="stmt"/>
        <line num="21" count="43" type="stmt"/>
        <line num="22" count="43" type="stmt"/>
        <line num="23" count="43" type="stmt"/>
        <line num="25" count="43" type="stmt"/>
        <line num="37" count="43" type="stmt"/>
        <line num="38" count="43" type="stmt"/>
        <line num="40" count="43" type="stmt"/>
        <line num="43" count="43" type="stmt"/>
        <line num="44" count="43" type="stmt"/>
        <line num="45" count="43" type="stmt"/>
        <line num="48" count="43" type="stmt"/>
        <line num="54" count="43" type="stmt"/>
        <line num="57" count="43" type="stmt"/>
        <line num="58" count="6" type="stmt"/>
        <line num="59" count="6" type="stmt"/>
        <line num="60" count="6" type="stmt"/>
        <line num="63" count="6" type="stmt"/>
        <line num="64" count="6" type="stmt"/>
        <line num="70" count="0" type="stmt"/>
        <line num="74" count="6" type="stmt"/>
        <line num="76" count="6" type="stmt"/>
        <line num="77" count="6" type="stmt"/>
        <line num="80" count="43" type="stmt"/>
        <line num="81" count="1" type="stmt"/>
        <line num="82" count="1" type="stmt"/>
        <line num="83" count="1" type="stmt"/>
        <line num="84" count="1" type="stmt"/>
        <line num="86" count="1" type="cond" truecount="4" falsecount="1"/>
        <line num="87" count="0" type="stmt"/>
        <line num="88" count="0" type="stmt"/>
        <line num="90" count="1" type="cond" truecount="4" falsecount="1"/>
        <line num="91" count="0" type="stmt"/>
        <line num="92" count="0" type="stmt"/>
        <line num="95" count="1" type="stmt"/>
        <line num="96" count="1" type="stmt"/>
        <line num="97" count="1" type="stmt"/>
        <line num="100" count="1" type="cond" truecount="2" falsecount="2"/>
        <line num="101" count="0" type="stmt"/>
        <line num="102" count="0" type="stmt"/>
        <line num="117" count="0" type="stmt"/>
        <line num="118" count="0" type="cond" truecount="0" falsecount="2"/>
        <line num="119" count="0" type="stmt"/>
        <line num="123" count="0" type="stmt"/>
        <line num="125" count="0" type="stmt"/>
        <line num="128" count="0" type="stmt"/>
        <line num="131" count="1" type="stmt"/>
        <line num="135" count="43" type="stmt"/>
        <line num="136" count="0" type="stmt"/>
        <line num="137" count="0" type="stmt"/>
        <line num="138" count="0" type="cond" truecount="0" falsecount="4"/>
        <line num="139" count="0" type="stmt"/>
        <line num="140" count="0" type="stmt"/>
        <line num="143" count="0" type="stmt"/>
        <line num="144" count="0" type="cond" truecount="0" falsecount="2"/>
        <line num="145" count="0" type="stmt"/>
        <line num="146" count="0" type="cond" truecount="0" falsecount="2"/>
        <line num="147" count="0" type="stmt"/>
        <line num="149" count="0" type="stmt"/>
        <line num="152" count="43" type="stmt"/>
        <line num="153" count="2" type="stmt"/>
        <line num="154" count="2" type="cond" truecount="7" falsecount="1"/>
        <line num="155" count="2" type="stmt"/>
        <line num="156" count="2" type="stmt"/>
        <line num="169" count="2" type="stmt"/>
        <line num="170" count="2" type="cond" truecount="2" falsecount="0"/>
        <line num="171" count="1" type="stmt"/>
        <line num="173" count="0" type="stmt"/>
        <line num="175" count="0" type="stmt"/>
        <line num="178" count="43" type="stmt"/>
        <line num="179" count="3" type="stmt"/>
        <line num="180" count="3" type="stmt"/>
        <line num="181" count="3" type="stmt"/>
        <line num="189" count="3" type="stmt"/>
        <line num="190" count="3" type="cond" truecount="1" falsecount="1"/>
        <line num="191" count="3" type="stmt"/>
        <line num="192" count="3" type="stmt"/>
        <line num="193" count="3" type="stmt"/>
        <line num="195" count="0" type="stmt"/>
        <line num="198" count="0" type="stmt"/>
        <line num="202" count="43" type="stmt"/>
        <line num="203" count="1" type="stmt"/>
        <line num="204" count="1" type="stmt"/>
        <line num="205" count="1" type="stmt"/>
        <line num="210" count="1" type="stmt"/>
        <line num="211" count="1" type="cond" truecount="1" falsecount="1"/>
        <line num="212" count="0" type="stmt"/>
        <line num="214" count="0" type="stmt"/>
        <line num="219" count="43" type="stmt"/>
        <line num="220" count="1" type="cond" truecount="1" falsecount="1"/>
        <line num="222" count="1" type="stmt"/>
        <line num="223" count="1" type="stmt"/>
        <line num="224" count="1" type="stmt"/>
        <line num="226" count="1" type="stmt"/>
        <line num="228" count="1" type="cond" truecount="1" falsecount="1"/>
        <line num="229" count="1" type="stmt"/>
        <line num="231" count="0" type="stmt"/>
        <line num="232" count="0" type="stmt"/>
        <line num="233" count="0" type="stmt"/>
        <line num="236" count="0" type="stmt"/>
        <line num="237" count="0" type="stmt"/>
        <line num="238" count="0" type="stmt"/>
        <line num="242" count="43" type="stmt"/>
        <line num="249" count="0" type="stmt"/>
        <line num="252" count="0" type="stmt"/>
        <line num="253" count="1" type="stmt"/>
        <line num="254" count="0" type="stmt"/>
        <line num="256" count="2" type="stmt"/>
        <line num="259" count="3" type="stmt"/>
        <line num="262" count="2" type="stmt"/>
        <line num="265" count="0" type="stmt"/>
        <line num="270" count="1" type="stmt"/>
        <line num="271" count="1" type="stmt"/>
        <line num="282" count="1" type="stmt"/>
        <line num="304" count="0" type="stmt"/>
        <line num="377" count="1" type="stmt"/>
        <line num="386" count="1" type="stmt"/>
        <line num="408" count="0" type="stmt"/>
        <line num="435" count="0" type="stmt"/>
        <line num="443" count="0" type="stmt"/>
        <line num="472" count="2" type="stmt"/>
        <line num="481" count="2" type="stmt"/>
        <line num="490" count="2" type="stmt"/>
        <line num="499" count="0" type="stmt"/>
        <line num="507" count="2" type="stmt"/>
        <line num="516" count="2" type="stmt"/>
        <line num="525" count="2" type="stmt"/>
        <line num="551" count="3" type="stmt"/>
        <line num="560" count="3" type="stmt"/>
        <line num="578" count="0" type="stmt"/>
        <line num="585" count="1" type="stmt"/>
        <line num="586" count="1" type="stmt"/>
        <line num="602" count="1" type="stmt"/>
        <line num="612" count="0" type="stmt"/>
        <line num="625" count="0" type="stmt"/>
        <line num="635" count="0" type="stmt"/>
        <line num="648" count="0" type="stmt"/>
        <line num="678" count="0" type="stmt"/>
      </file>
      <file name="Usuarios.jsx" path="/home/etec/Documentos/Proyecto-Inversiones-en-Dolares/Frontend/src/Usuarios.jsx">
        <metrics statements="44" coveredstatements="28" conditionals="14" coveredconditionals="8" methods="13" coveredmethods="7"/>
        <line num="4" count="10" type="stmt"/>
        <line num="5" count="10" type="stmt"/>
        <line num="6" count="10" type="stmt"/>
        <line num="7" count="10" type="stmt"/>
        <line num="9" count="10" type="stmt"/>
        <line num="11" count="10" type="stmt"/>
        <line num="12" count="5" type="stmt"/>
        <line num="13" count="5" type="stmt"/>
        <line num="14" count="5" type="stmt"/>
        <line num="15" count="4" type="stmt"/>
        <line num="17" count="1" type="stmt"/>
        <line num="21" count="10" type="stmt"/>
        <line num="22" count="7" type="cond" truecount="2" falsecount="0"/>
        <line num="25" count="10" type="stmt"/>
        <line num="26" count="0" type="stmt"/>
        <line num="27" count="0" type="stmt"/>
        <line num="30" count="10" type="stmt"/>
        <line num="31" count="0" type="stmt"/>
        <line num="32" count="0" type="stmt"/>
        <line num="35" count="10" type="stmt"/>
        <line num="36" count="0" type="stmt"/>
        <line num="39" count="10" type="stmt"/>
        <line num="40" count="0" type="stmt"/>
        <line num="41" count="0" type="stmt"/>
        <line num="47" count="0" type="cond" truecount="0" falsecount="2"/>
        <line num="48" count="0" type="stmt"/>
        <line num="49" count="0" type="stmt"/>
        <line num="51" count="0" type="stmt"/>
        <line num="54" count="0" type="stmt"/>
        <line num="58" count="10" type="stmt"/>
        <line num="59" count="1" type="cond" truecount="1" falsecount="1"/>
        <line num="60" count="1" type="stmt"/>
        <line num="61" count="1" type="stmt"/>
        <line num="62" count="1" type="cond" truecount="1" falsecount="1"/>
        <line num="63" count="1" type="stmt"/>
        <line num="65" count="0" type="stmt"/>
        <line num="68" count="0" type="stmt"/>
        <line num="72" count="10" type="cond" truecount="2" falsecount="0"/>
        <line num="73" count="2" type="stmt"/>
        <line num="76" count="8" type="stmt"/>
        <line num="105" count="3" type="stmt"/>
        <line num="159" count="0" type="stmt"/>
        <line num="177" count="0" type="stmt"/>
        <line num="183" count="1" type="stmt"/>
      </file>
    </package>
    <package name="src.components">
      <metrics statements="1" coveredstatements="1" conditionals="0" coveredconditionals="0" methods="1" coveredmethods="1"/>
      <file name="HelloWorld.jsx" path="/home/etec/Documentos/Proyecto-Inversiones-en-Dolares/Frontend/src/components/HelloWorld.jsx">
        <metrics statements="1" coveredstatements="1" conditionals="0" coveredconditionals="0" methods="1" coveredmethods="1"/>
        <line num="2" count="1" type="stmt"/>
      </file>
    </package>
  </project>
</coverage>
