{"/home/etec/Proyecto-Inversiones-en-Dolares/Frontend/src/App.jsx": {"path":"/home/etec/Proyecto-Inversiones-en-Dolares/Frontend/src/App.jsx","statementMap":{"0":{"start":{"line":7,"column":28},"end":{"line":7,"column":40}},"1":{"start":{"line":8,"column":30},"end":{"line":8,"column":42}},"2":{"start":{"line":9,"column":36},"end":{"line":9,"column":50}},"3":{"start":{"line":11,"column":28},"end":{"line":11,"column":46}},"4":{"start":{"line":13,"column":30},"end":{"line":13,"column":42}},"5":{"start":{"line":14,"column":34},"end":{"line":14,"column":46}},"6":{"start":{"line":15,"column":28},"end":{"line":15,"column":40}},"7":{"start":{"line":16,"column":34},"end":{"line":16,"column":46}},"8":{"start":{"line":17,"column":26},"end":{"line":17,"column":38}},"9":{"start":{"line":18,"column":32},"end":{"line":18,"column":44}},"10":{"start":{"line":19,"column":34},"end":{"line":19,"column":46}},"11":{"start":{"line":20,"column":48},"end":{"line":20,"column":63}},"12":{"start":{"line":22,"column":42},"end":{"line":22,"column":54}},"13":{"start":{"line":23,"column":44},"end":{"line":23,"column":56}},"14":{"start":{"line":24,"column":42},"end":{"line":24,"column":57}},"15":{"start":{"line":26,"column":40},"end":{"line":33,"column":4}},"16":{"start":{"line":35,"column":24},"end":{"line":35,"column":28}},"17":{"start":{"line":38,"column":48},"end":{"line":38,"column":60}},"18":{"start":{"line":39,"column":46},"end":{"line":39,"column":61}},"19":{"start":{"line":40,"column":56},"end":{"line":40,"column":70}},"20":{"start":{"line":43,"column":42},"end":{"line":47,"column":4}},"21":{"start":{"line":49,"column":18},"end":{"line":49,"column":27}},"22":{"start":{"line":52,"column":2},"end":{"line":71,"column":9}},"23":{"start":{"line":53,"column":23},"end":{"line":65,"column":5}},"24":{"start":{"line":54,"column":6},"end":{"line":64,"column":7}},"25":{"start":{"line":55,"column":25},"end":{"line":55,"column":87}},"26":{"start":{"line":56,"column":21},"end":{"line":56,"column":42}},"27":{"start":{"line":57,"column":8},"end":{"line":61,"column":11}},"28":{"start":{"line":63,"column":8},"end":{"line":63,"column":59}},"29":{"start":{"line":67,"column":4},"end":{"line":67,"column":17}},"30":{"start":{"line":69,"column":21},"end":{"line":69,"column":52}},"31":{"start":{"line":70,"column":4},"end":{"line":70,"column":41}},"32":{"start":{"line":70,"column":17},"end":{"line":70,"column":40}},"33":{"start":{"line":73,"column":29},"end":{"line":94,"column":1}},"34":{"start":{"line":74,"column":2},"end":{"line":93,"column":3}},"35":{"start":{"line":75,"column":21},"end":{"line":86,"column":6}},"36":{"start":{"line":88,"column":17},"end":{"line":88,"column":38}},"37":{"start":{"line":89,"column":4},"end":{"line":90,"column":39}},"38":{"start":{"line":89,"column":21},"end":{"line":89,"column":61}},"39":{"start":{"line":90,"column":9},"end":{"line":90,"column":39}},"40":{"start":{"line":92,"column":4},"end":{"line":92,"column":36}},"41":{"start":{"line":96,"column":26},"end":{"line":134,"column":1}},"42":{"start":{"line":97,"column":2},"end":{"line":97,"column":21}},"43":{"start":{"line":98,"column":12},"end":{"line":98,"column":29}},"44":{"start":{"line":99,"column":15},"end":{"line":99,"column":31}},"45":{"start":{"line":101,"column":2},"end":{"line":104,"column":3}},"46":{"start":{"line":102,"column":4},"end":{"line":102,"column":61}},"47":{"start":{"line":103,"column":4},"end":{"line":103,"column":11}},"48":{"start":{"line":105,"column":2},"end":{"line":108,"column":3}},"49":{"start":{"line":106,"column":4},"end":{"line":106,"column":54}},"50":{"start":{"line":107,"column":4},"end":{"line":107,"column":11}},"51":{"start":{"line":110,"column":21},"end":{"line":110,"column":40}},"52":{"start":{"line":111,"column":12},"end":{"line":111,"column":46}},"53":{"start":{"line":112,"column":2},"end":{"line":112,"column":29}},"54":{"start":{"line":115,"column":2},"end":{"line":133,"column":3}},"55":{"start":{"line":116,"column":21},"end":{"line":127,"column":6}},"56":{"start":{"line":129,"column":17},"end":{"line":129,"column":38}},"57":{"start":{"line":130,"column":4},"end":{"line":130,"column":75}},"58":{"start":{"line":130,"column":22},"end":{"line":130,"column":75}},"59":{"start":{"line":132,"column":4},"end":{"line":132,"column":59}},"60":{"start":{"line":136,"column":28},"end":{"line":151,"column":3}},"61":{"start":{"line":137,"column":4},"end":{"line":137,"column":23}},"62":{"start":{"line":138,"column":16},"end":{"line":138,"column":43}},"63":{"start":{"line":139,"column":4},"end":{"line":142,"column":5}},"64":{"start":{"line":140,"column":6},"end":{"line":140,"column":39}},"65":{"start":{"line":141,"column":6},"end":{"line":141,"column":13}},"66":{"start":{"line":144,"column":20},"end":{"line":144,"column":21}},"67":{"start":{"line":145,"column":4},"end":{"line":149,"column":5}},"68":{"start":{"line":146,"column":6},"end":{"line":146,"column":45}},"69":{"start":{"line":147,"column":11},"end":{"line":149,"column":5}},"70":{"start":{"line":148,"column":6},"end":{"line":148,"column":34}},"71":{"start":{"line":150,"column":4},"end":{"line":150,"column":49}},"72":{"start":{"line":153,"column":27},"end":{"line":177,"column":3}},"73":{"start":{"line":154,"column":4},"end":{"line":154,"column":23}},"74":{"start":{"line":155,"column":4},"end":{"line":176,"column":71}},"75":{"start":{"line":156,"column":6},"end":{"line":175,"column":7}},"76":{"start":{"line":157,"column":25},"end":{"line":169,"column":10}},"77":{"start":{"line":170,"column":21},"end":{"line":170,"column":42}},"78":{"start":{"line":171,"column":8},"end":{"line":172,"column":43}},"79":{"start":{"line":171,"column":25},"end":{"line":171,"column":50}},"80":{"start":{"line":172,"column":13},"end":{"line":172,"column":43}},"81":{"start":{"line":174,"column":8},"end":{"line":174,"column":40}},"82":{"start":{"line":176,"column":11},"end":{"line":176,"column":71}},"83":{"start":{"line":179,"column":24},"end":{"line":198,"column":3}},"84":{"start":{"line":180,"column":4},"end":{"line":180,"column":23}},"85":{"start":{"line":181,"column":4},"end":{"line":197,"column":5}},"86":{"start":{"line":182,"column":23},"end":{"line":186,"column":8}},"87":{"start":{"line":187,"column":19},"end":{"line":187,"column":40}},"88":{"start":{"line":188,"column":6},"end":{"line":194,"column":7}},"89":{"start":{"line":189,"column":8},"end":{"line":189,"column":30}},"90":{"start":{"line":190,"column":8},"end":{"line":190,"column":37}},"91":{"start":{"line":191,"column":8},"end":{"line":191,"column":27}},"92":{"start":{"line":193,"column":8},"end":{"line":193,"column":55}},"93":{"start":{"line":196,"column":6},"end":{"line":196,"column":38}},"94":{"start":{"line":200,"column":26},"end":{"line":214,"column":3}},"95":{"start":{"line":201,"column":4},"end":{"line":201,"column":23}},"96":{"start":{"line":202,"column":4},"end":{"line":213,"column":5}},"97":{"start":{"line":203,"column":23},"end":{"line":207,"column":8}},"98":{"start":{"line":208,"column":19},"end":{"line":208,"column":40}},"99":{"start":{"line":209,"column":6},"end":{"line":210,"column":41}},"100":{"start":{"line":209,"column":23},"end":{"line":209,"column":65}},"101":{"start":{"line":210,"column":11},"end":{"line":210,"column":41}},"102":{"start":{"line":212,"column":6},"end":{"line":212,"column":38}},"103":{"start":{"line":217,"column":2},"end":{"line":551,"column":4}},"104":{"start":{"line":224,"column":25},"end":{"line":224,"column":43}},"105":{"start":{"line":227,"column":29},"end":{"line":227,"column":47}},"106":{"start":{"line":228,"column":29},"end":{"line":228,"column":51}},"107":{"start":{"line":229,"column":29},"end":{"line":229,"column":51}},"108":{"start":{"line":230,"column":47},"end":{"line":230,"column":67}},"109":{"start":{"line":231,"column":47},"end":{"line":231,"column":64}},"110":{"start":{"line":232,"column":46},"end":{"line":232,"column":66}},"111":{"start":{"line":234,"column":30},"end":{"line":234,"column":50}},"112":{"start":{"line":239,"column":16},"end":{"line":239,"column":39}},"113":{"start":{"line":240,"column":16},"end":{"line":240,"column":35}},"114":{"start":{"line":261,"column":33},"end":{"line":261,"column":55}},"115":{"start":{"line":308,"column":35},"end":{"line":308,"column":59}},"116":{"start":{"line":317,"column":35},"end":{"line":317,"column":60}},"117":{"start":{"line":336,"column":31},"end":{"line":336,"column":53}},"118":{"start":{"line":357,"column":35},"end":{"line":357,"column":69}},"119":{"start":{"line":365,"column":35},"end":{"line":365,"column":68}},"120":{"start":{"line":394,"column":35},"end":{"line":394,"column":60}},"121":{"start":{"line":403,"column":35},"end":{"line":403,"column":62}},"122":{"start":{"line":412,"column":35},"end":{"line":412,"column":59}},"123":{"start":{"line":421,"column":35},"end":{"line":421,"column":62}},"124":{"start":{"line":429,"column":35},"end":{"line":429,"column":58}},"125":{"start":{"line":438,"column":35},"end":{"line":438,"column":61}},"126":{"start":{"line":447,"column":35},"end":{"line":447,"column":62}},"127":{"start":{"line":473,"column":35},"end":{"line":473,"column":66}},"128":{"start":{"line":482,"column":35},"end":{"line":482,"column":67}},"129":{"start":{"line":501,"column":20},"end":{"line":501,"column":78}},"130":{"start":{"line":511,"column":20},"end":{"line":511,"column":80}},"131":{"start":{"line":521,"column":20},"end":{"line":521,"column":77}},"132":{"start":{"line":531,"column":20},"end":{"line":531,"column":80}},"133":{"start":{"line":541,"column":20},"end":{"line":541,"column":76}}},"fnMap":{"0":{"name":"App","decl":{"start":{"line":6,"column":9},"end":{"line":6,"column":12}},"loc":{"start":{"line":6,"column":15},"end":{"line":552,"column":1}},"line":6},"1":{"name":"(anonymous_1)","decl":{"start":{"line":52,"column":12},"end":{"line":52,"column":13}},"loc":{"start":{"line":52,"column":18},"end":{"line":71,"column":3}},"line":52},"2":{"name":"(anonymous_2)","decl":{"start":{"line":53,"column":23},"end":{"line":53,"column":24}},"loc":{"start":{"line":53,"column":35},"end":{"line":65,"column":5}},"line":53},"3":{"name":"(anonymous_3)","decl":{"start":{"line":70,"column":11},"end":{"line":70,"column":12}},"loc":{"start":{"line":70,"column":17},"end":{"line":70,"column":40}},"line":70},"4":{"name":"(anonymous_4)","decl":{"start":{"line":73,"column":29},"end":{"line":73,"column":30}},"loc":{"start":{"line":73,"column":41},"end":{"line":94,"column":1}},"line":73},"5":{"name":"(anonymous_5)","decl":{"start":{"line":96,"column":26},"end":{"line":96,"column":27}},"loc":{"start":{"line":96,"column":39},"end":{"line":134,"column":1}},"line":96},"6":{"name":"(anonymous_6)","decl":{"start":{"line":136,"column":28},"end":{"line":136,"column":29}},"loc":{"start":{"line":136,"column":35},"end":{"line":151,"column":3}},"line":136},"7":{"name":"(anonymous_7)","decl":{"start":{"line":153,"column":27},"end":{"line":153,"column":28}},"loc":{"start":{"line":153,"column":40},"end":{"line":177,"column":3}},"line":153},"8":{"name":"(anonymous_8)","decl":{"start":{"line":179,"column":24},"end":{"line":179,"column":25}},"loc":{"start":{"line":179,"column":37},"end":{"line":198,"column":3}},"line":179},"9":{"name":"(anonymous_9)","decl":{"start":{"line":200,"column":26},"end":{"line":200,"column":27}},"loc":{"start":{"line":200,"column":39},"end":{"line":214,"column":3}},"line":200},"10":{"name":"(anonymous_10)","decl":{"start":{"line":224,"column":19},"end":{"line":224,"column":20}},"loc":{"start":{"line":224,"column":25},"end":{"line":224,"column":43}},"line":224},"11":{"name":"(anonymous_11)","decl":{"start":{"line":227,"column":23},"end":{"line":227,"column":24}},"loc":{"start":{"line":227,"column":29},"end":{"line":227,"column":47}},"line":227},"12":{"name":"(anonymous_12)","decl":{"start":{"line":228,"column":23},"end":{"line":228,"column":24}},"loc":{"start":{"line":228,"column":29},"end":{"line":228,"column":51}},"line":228},"13":{"name":"(anonymous_13)","decl":{"start":{"line":229,"column":23},"end":{"line":229,"column":24}},"loc":{"start":{"line":229,"column":29},"end":{"line":229,"column":51}},"line":229},"14":{"name":"(anonymous_14)","decl":{"start":{"line":230,"column":41},"end":{"line":230,"column":42}},"loc":{"start":{"line":230,"column":47},"end":{"line":230,"column":67}},"line":230},"15":{"name":"(anonymous_15)","decl":{"start":{"line":231,"column":41},"end":{"line":231,"column":42}},"loc":{"start":{"line":231,"column":47},"end":{"line":231,"column":64}},"line":231},"16":{"name":"(anonymous_16)","decl":{"start":{"line":232,"column":40},"end":{"line":232,"column":41}},"loc":{"start":{"line":232,"column":46},"end":{"line":232,"column":66}},"line":232},"17":{"name":"(anonymous_17)","decl":{"start":{"line":234,"column":24},"end":{"line":234,"column":25}},"loc":{"start":{"line":234,"column":30},"end":{"line":234,"column":50}},"line":234},"18":{"name":"(anonymous_18)","decl":{"start":{"line":238,"column":23},"end":{"line":238,"column":24}},"loc":{"start":{"line":238,"column":29},"end":{"line":241,"column":15}},"line":238},"19":{"name":"(anonymous_19)","decl":{"start":{"line":261,"column":27},"end":{"line":261,"column":28}},"loc":{"start":{"line":261,"column":33},"end":{"line":261,"column":55}},"line":261},"20":{"name":"(anonymous_20)","decl":{"start":{"line":308,"column":28},"end":{"line":308,"column":29}},"loc":{"start":{"line":308,"column":35},"end":{"line":308,"column":59}},"line":308},"21":{"name":"(anonymous_21)","decl":{"start":{"line":317,"column":28},"end":{"line":317,"column":29}},"loc":{"start":{"line":317,"column":35},"end":{"line":317,"column":60}},"line":317},"22":{"name":"(anonymous_22)","decl":{"start":{"line":336,"column":25},"end":{"line":336,"column":26}},"loc":{"start":{"line":336,"column":31},"end":{"line":336,"column":53}},"line":336},"23":{"name":"(anonymous_23)","decl":{"start":{"line":357,"column":28},"end":{"line":357,"column":29}},"loc":{"start":{"line":357,"column":35},"end":{"line":357,"column":69}},"line":357},"24":{"name":"(anonymous_24)","decl":{"start":{"line":365,"column":28},"end":{"line":365,"column":29}},"loc":{"start":{"line":365,"column":35},"end":{"line":365,"column":68}},"line":365},"25":{"name":"(anonymous_25)","decl":{"start":{"line":394,"column":28},"end":{"line":394,"column":29}},"loc":{"start":{"line":394,"column":35},"end":{"line":394,"column":60}},"line":394},"26":{"name":"(anonymous_26)","decl":{"start":{"line":403,"column":28},"end":{"line":403,"column":29}},"loc":{"start":{"line":403,"column":35},"end":{"line":403,"column":62}},"line":403},"27":{"name":"(anonymous_27)","decl":{"start":{"line":412,"column":28},"end":{"line":412,"column":29}},"loc":{"start":{"line":412,"column":35},"end":{"line":412,"column":59}},"line":412},"28":{"name":"(anonymous_28)","decl":{"start":{"line":421,"column":28},"end":{"line":421,"column":29}},"loc":{"start":{"line":421,"column":35},"end":{"line":421,"column":62}},"line":421},"29":{"name":"(anonymous_29)","decl":{"start":{"line":429,"column":28},"end":{"line":429,"column":29}},"loc":{"start":{"line":429,"column":35},"end":{"line":429,"column":58}},"line":429},"30":{"name":"(anonymous_30)","decl":{"start":{"line":438,"column":28},"end":{"line":438,"column":29}},"loc":{"start":{"line":438,"column":35},"end":{"line":438,"column":61}},"line":438},"31":{"name":"(anonymous_31)","decl":{"start":{"line":447,"column":28},"end":{"line":447,"column":29}},"loc":{"start":{"line":447,"column":35},"end":{"line":447,"column":62}},"line":447},"32":{"name":"(anonymous_32)","decl":{"start":{"line":473,"column":28},"end":{"line":473,"column":29}},"loc":{"start":{"line":473,"column":35},"end":{"line":473,"column":66}},"line":473},"33":{"name":"(anonymous_33)","decl":{"start":{"line":482,"column":28},"end":{"line":482,"column":29}},"loc":{"start":{"line":482,"column":35},"end":{"line":482,"column":67}},"line":482},"34":{"name":"(anonymous_34)","decl":{"start":{"line":500,"column":28},"end":{"line":500,"column":29}},"loc":{"start":{"line":501,"column":20},"end":{"line":501,"column":78}},"line":501},"35":{"name":"(anonymous_35)","decl":{"start":{"line":510,"column":28},"end":{"line":510,"column":29}},"loc":{"start":{"line":511,"column":20},"end":{"line":511,"column":80}},"line":511},"36":{"name":"(anonymous_36)","decl":{"start":{"line":520,"column":28},"end":{"line":520,"column":29}},"loc":{"start":{"line":521,"column":20},"end":{"line":521,"column":77}},"line":521},"37":{"name":"(anonymous_37)","decl":{"start":{"line":530,"column":28},"end":{"line":530,"column":29}},"loc":{"start":{"line":531,"column":20},"end":{"line":531,"column":80}},"line":531},"38":{"name":"(anonymous_38)","decl":{"start":{"line":540,"column":28},"end":{"line":540,"column":29}},"loc":{"start":{"line":541,"column":20},"end":{"line":541,"column":76}},"line":541}},"branchMap":{"0":{"loc":{"start":{"line":89,"column":4},"end":{"line":90,"column":39}},"type":"if","locations":[{"start":{"line":89,"column":4},"end":{"line":90,"column":39}},{"start":{"line":90,"column":9},"end":{"line":90,"column":39}}],"line":89},"1":{"loc":{"start":{"line":101,"column":2},"end":{"line":104,"column":3}},"type":"if","locations":[{"start":{"line":101,"column":2},"end":{"line":104,"column":3}},{"start":{},"end":{}}],"line":101},"2":{"loc":{"start":{"line":101,"column":6},"end":{"line":101,"column":39}},"type":"binary-expr","locations":[{"start":{"line":101,"column":6},"end":{"line":101,"column":14}},{"start":{"line":101,"column":18},"end":{"line":101,"column":25}},{"start":{"line":101,"column":29},"end":{"line":101,"column":39}}],"line":101},"3":{"loc":{"start":{"line":105,"column":2},"end":{"line":108,"column":3}},"type":"if","locations":[{"start":{"line":105,"column":2},"end":{"line":108,"column":3}},{"start":{},"end":{}}],"line":105},"4":{"loc":{"start":{"line":105,"column":6},"end":{"line":105,"column":43}},"type":"binary-expr","locations":[{"start":{"line":105,"column":6},"end":{"line":105,"column":17}},{"start":{"line":105,"column":21},"end":{"line":105,"column":29}},{"start":{"line":105,"column":33},"end":{"line":105,"column":43}}],"line":105},"5":{"loc":{"start":{"line":130,"column":4},"end":{"line":130,"column":75}},"type":"if","locations":[{"start":{"line":130,"column":4},"end":{"line":130,"column":75}},{"start":{},"end":{}}],"line":130},"6":{"loc":{"start":{"line":139,"column":4},"end":{"line":142,"column":5}},"type":"if","locations":[{"start":{"line":139,"column":4},"end":{"line":142,"column":5}},{"start":{},"end":{}}],"line":139},"7":{"loc":{"start":{"line":139,"column":8},"end":{"line":139,"column":34}},"type":"binary-expr","locations":[{"start":{"line":139,"column":8},"end":{"line":139,"column":20}},{"start":{"line":139,"column":24},"end":{"line":139,"column":34}}],"line":139},"8":{"loc":{"start":{"line":145,"column":4},"end":{"line":149,"column":5}},"type":"if","locations":[{"start":{"line":145,"column":4},"end":{"line":149,"column":5}},{"start":{"line":147,"column":11},"end":{"line":149,"column":5}}],"line":145},"9":{"loc":{"start":{"line":147,"column":11},"end":{"line":149,"column":5}},"type":"if","locations":[{"start":{"line":147,"column":11},"end":{"line":149,"column":5}},{"start":{},"end":{}}],"line":147},"10":{"loc":{"start":{"line":155,"column":4},"end":{"line":176,"column":71}},"type":"if","locations":[{"start":{"line":155,"column":4},"end":{"line":176,"column":71}},{"start":{"line":176,"column":11},"end":{"line":176,"column":71}}],"line":155},"11":{"loc":{"start":{"line":155,"column":8},"end":{"line":155,"column":66}},"type":"binary-expr","locations":[{"start":{"line":155,"column":8},"end":{"line":155,"column":14}},{"start":{"line":155,"column":18},"end":{"line":155,"column":26}},{"start":{"line":155,"column":30},"end":{"line":155,"column":35}},{"start":{"line":155,"column":39},"end":{"line":155,"column":43}},{"start":{"line":155,"column":47},"end":{"line":155,"column":54}},{"start":{"line":155,"column":58},"end":{"line":155,"column":66}}],"line":155},"12":{"loc":{"start":{"line":171,"column":8},"end":{"line":172,"column":43}},"type":"if","locations":[{"start":{"line":171,"column":8},"end":{"line":172,"column":43}},{"start":{"line":172,"column":13},"end":{"line":172,"column":43}}],"line":171},"13":{"loc":{"start":{"line":188,"column":6},"end":{"line":194,"column":7}},"type":"if","locations":[{"start":{"line":188,"column":6},"end":{"line":194,"column":7}},{"start":{"line":192,"column":13},"end":{"line":194,"column":7}}],"line":188},"14":{"loc":{"start":{"line":209,"column":6},"end":{"line":210,"column":41}},"type":"if","locations":[{"start":{"line":209,"column":6},"end":{"line":210,"column":41}},{"start":{"line":210,"column":11},"end":{"line":210,"column":41}}],"line":209},"15":{"loc":{"start":{"line":230,"column":11},"end":{"line":230,"column":84}},"type":"binary-expr","locations":[{"start":{"line":230,"column":11},"end":{"line":230,"column":24}},{"start":{"line":230,"column":28},"end":{"line":230,"column":84}}],"line":230},"16":{"loc":{"start":{"line":231,"column":11},"end":{"line":231,"column":85}},"type":"binary-expr","locations":[{"start":{"line":231,"column":11},"end":{"line":231,"column":24}},{"start":{"line":231,"column":28},"end":{"line":231,"column":85}}],"line":231},"17":{"loc":{"start":{"line":232,"column":11},"end":{"line":232,"column":82}},"type":"binary-expr","locations":[{"start":{"line":232,"column":11},"end":{"line":232,"column":23}},{"start":{"line":232,"column":27},"end":{"line":232,"column":82}}],"line":232},"18":{"loc":{"start":{"line":233,"column":11},"end":{"line":235,"column":11}},"type":"binary-expr","locations":[{"start":{"line":233,"column":11},"end":{"line":233,"column":23}},{"start":{"line":233,"column":27},"end":{"line":233,"column":54}},{"start":{"line":234,"column":11},"end":{"line":234,"column":65}}],"line":233},"19":{"loc":{"start":{"line":236,"column":11},"end":{"line":245,"column":11}},"type":"binary-expr","locations":[{"start":{"line":236,"column":11},"end":{"line":236,"column":23}},{"start":{"line":237,"column":12},"end":{"line":244,"column":17}}],"line":236},"20":{"loc":{"start":{"line":250,"column":9},"end":{"line":252,"column":1}},"type":"binary-expr","locations":[{"start":{"line":250,"column":9},"end":{"line":250,"column":29}},{"start":{"line":250,"column":33},"end":{"line":250,"column":45}},{"start":{"line":251,"column":2},"end":{"line":251,"column":40}}],"line":250},"21":{"loc":{"start":{"line":254,"column":9},"end":{"line":297,"column":9}},"type":"binary-expr","locations":[{"start":{"line":254,"column":9},"end":{"line":254,"column":27}},{"start":{"line":255,"column":10},"end":{"line":296,"column":13}}],"line":254},"22":{"loc":{"start":{"line":299,"column":9},"end":{"line":342,"column":9}},"type":"binary-expr","locations":[{"start":{"line":299,"column":9},"end":{"line":299,"column":31}},{"start":{"line":300,"column":10},"end":{"line":341,"column":13}}],"line":299},"23":{"loc":{"start":{"line":323,"column":13},"end":{"line":330,"column":13}},"type":"binary-expr","locations":[{"start":{"line":323,"column":13},"end":{"line":323,"column":22}},{"start":{"line":324,"column":14},"end":{"line":329,"column":20}}],"line":323},"24":{"loc":{"start":{"line":345,"column":9},"end":{"line":382,"column":9}},"type":"binary-expr","locations":[{"start":{"line":345,"column":9},"end":{"line":345,"column":31}},{"start":{"line":346,"column":10},"end":{"line":381,"column":13}}],"line":345},"25":{"loc":{"start":{"line":374,"column":13},"end":{"line":380,"column":13}},"type":"binary-expr","locations":[{"start":{"line":374,"column":13},"end":{"line":374,"column":32}},{"start":{"line":375,"column":14},"end":{"line":379,"column":20}}],"line":374},"26":{"loc":{"start":{"line":385,"column":9},"end":{"line":462,"column":9}},"type":"binary-expr","locations":[{"start":{"line":385,"column":9},"end":{"line":385,"column":29}},{"start":{"line":385,"column":33},"end":{"line":385,"column":46}},{"start":{"line":386,"column":10},"end":{"line":461,"column":13}}],"line":385},"27":{"loc":{"start":{"line":453,"column":13},"end":{"line":460,"column":13}},"type":"binary-expr","locations":[{"start":{"line":453,"column":13},"end":{"line":453,"column":28}},{"start":{"line":454,"column":14},"end":{"line":459,"column":20}}],"line":453},"28":{"loc":{"start":{"line":464,"column":9},"end":{"line":489,"column":9}},"type":"binary-expr","locations":[{"start":{"line":464,"column":9},"end":{"line":464,"column":26}},{"start":{"line":464,"column":30},"end":{"line":464,"column":43}},{"start":{"line":465,"column":10},"end":{"line":488,"column":13}}],"line":464},"29":{"loc":{"start":{"line":491,"column":9},"end":{"line":548,"column":9}},"type":"binary-expr","locations":[{"start":{"line":491,"column":9},"end":{"line":491,"column":29}},{"start":{"line":491,"column":33},"end":{"line":491,"column":45}},{"start":{"line":492,"column":10},"end":{"line":547,"column":13}}],"line":491}},"s":{"0":0,"1":0,"2":0,"3":0,"4":0,"5":0,"6":0,"7":0,"8":0,"9":0,"10":0,"11":0,"12":0,"13":0,"14":0,"15":0,"16":0,"17":0,"18":0,"19":0,"20":0,"21":0,"22":0,"23":0,"24":0,"25":0,"26":0,"27":0,"28":0,"29":0,"30":0,"31":0,"32":0,"33":0,"34":0,"35":0,"36":0,"37":0,"38":0,"39":0,"40":0,"41":0,"42":0,"43":0,"44":0,"45":0,"46":0,"47":0,"48":0,"49":0,"50":0,"51":0,"52":0,"53":0,"54":0,"55":0,"56":0,"57":0,"58":0,"59":0,"60":0,"61":0,"62":0,"63":0,"64":0,"65":0,"66":0,"67":0,"68":0,"69":0,"70":0,"71":0,"72":0,"73":0,"74":0,"75":0,"76":0,"77":0,"78":0,"79":0,"80":0,"81":0,"82":0,"83":0,"84":0,"85":0,"86":0,"87":0,"88":0,"89":0,"90":0,"91":0,"92":0,"93":0,"94":0,"95":0,"96":0,"97":0,"98":0,"99":0,"100":0,"101":0,"102":0,"103":0,"104":0,"105":0,"106":0,"107":0,"108":0,"109":0,"110":0,"111":0,"112":0,"113":0,"114":0,"115":0,"116":0,"117":0,"118":0,"119":0,"120":0,"121":0,"122":0,"123":0,"124":0,"125":0,"126":0,"127":0,"128":0,"129":0,"130":0,"131":0,"132":0,"133":0},"f":{"0":0,"1":0,"2":0,"3":0,"4":0,"5":0,"6":0,"7":0,"8":0,"9":0,"10":0,"11":0,"12":0,"13":0,"14":0,"15":0,"16":0,"17":0,"18":0,"19":0,"20":0,"21":0,"22":0,"23":0,"24":0,"25":0,"26":0,"27":0,"28":0,"29":0,"30":0,"31":0,"32":0,"33":0,"34":0,"35":0,"36":0,"37":0,"38":0},"b":{"0":[0,0],"1":[0,0],"2":[0,0,0],"3":[0,0],"4":[0,0,0],"5":[0,0],"6":[0,0],"7":[0,0],"8":[0,0],"9":[0,0],"10":[0,0],"11":[0,0,0,0,0,0],"12":[0,0],"13":[0,0],"14":[0,0],"15":[0,0],"16":[0,0],"17":[0,0],"18":[0,0,0],"19":[0,0],"20":[0,0,0],"21":[0,0],"22":[0,0],"23":[0,0],"24":[0,0],"25":[0,0],"26":[0,0,0],"27":[0,0],"28":[0,0,0],"29":[0,0,0]}}
,"/home/etec/Proyecto-Inversiones-en-Dolares/Frontend/src/Usuarios.jsx": {"path":"/home/etec/Proyecto-Inversiones-en-Dolares/Frontend/src/Usuarios.jsx","statementMap":{"0":{"start":{"line":4,"column":34},"end":{"line":4,"column":46}},"1":{"start":{"line":5,"column":34},"end":{"line":5,"column":48}},"2":{"start":{"line":6,"column":26},"end":{"line":6,"column":38}},"3":{"start":{"line":7,"column":28},"end":{"line":7,"column":40}},"4":{"start":{"line":9,"column":18},"end":{"line":9,"column":50}},"5":{"start":{"line":11,"column":25},"end":{"line":19,"column":3}},"6":{"start":{"line":12,"column":4},"end":{"line":18,"column":5}},"7":{"start":{"line":13,"column":18},"end":{"line":13,"column":38}},"8":{"start":{"line":14,"column":19},"end":{"line":14,"column":35}},"9":{"start":{"line":15,"column":6},"end":{"line":15,"column":24}},"10":{"start":{"line":17,"column":6},"end":{"line":17,"column":43}},"11":{"start":{"line":21,"column":2},"end":{"line":23,"column":20}},"12":{"start":{"line":22,"column":4},"end":{"line":22,"column":54}},"13":{"start":{"line":22,"column":37},"end":{"line":22,"column":54}},"14":{"start":{"line":25,"column":21},"end":{"line":28,"column":3}},"15":{"start":{"line":26,"column":4},"end":{"line":26,"column":36}},"16":{"start":{"line":27,"column":4},"end":{"line":27,"column":22}},"17":{"start":{"line":30,"column":23},"end":{"line":33,"column":3}},"18":{"start":{"line":31,"column":4},"end":{"line":31,"column":22}},"19":{"start":{"line":32,"column":4},"end":{"line":32,"column":16}},"20":{"start":{"line":35,"column":23},"end":{"line":37,"column":3}},"21":{"start":{"line":36,"column":4},"end":{"line":36,"column":58}},"22":{"start":{"line":39,"column":21},"end":{"line":56,"column":3}},"23":{"start":{"line":40,"column":4},"end":{"line":55,"column":5}},"24":{"start":{"line":41,"column":18},"end":{"line":45,"column":8}},"25":{"start":{"line":47,"column":6},"end":{"line":52,"column":7}},"26":{"start":{"line":48,"column":8},"end":{"line":48,"column":31}},"27":{"start":{"line":49,"column":8},"end":{"line":49,"column":26}},"28":{"start":{"line":51,"column":8},"end":{"line":51,"column":48}},"29":{"start":{"line":54,"column":6},"end":{"line":54,"column":52}},"30":{"start":{"line":58,"column":23},"end":{"line":70,"column":3}},"31":{"start":{"line":59,"column":4},"end":{"line":59,"column":77}},"32":{"start":{"line":59,"column":70},"end":{"line":59,"column":77}},"33":{"start":{"line":60,"column":4},"end":{"line":69,"column":5}},"34":{"start":{"line":61,"column":18},"end":{"line":61,"column":71}},"35":{"start":{"line":62,"column":6},"end":{"line":66,"column":7}},"36":{"start":{"line":63,"column":8},"end":{"line":63,"column":71}},"37":{"start":{"line":63,"column":43},"end":{"line":63,"column":68}},"38":{"start":{"line":65,"column":8},"end":{"line":65,"column":46}},"39":{"start":{"line":68,"column":6},"end":{"line":68,"column":52}},"40":{"start":{"line":72,"column":2},"end":{"line":74,"column":3}},"41":{"start":{"line":73,"column":4},"end":{"line":73,"column":59}},"42":{"start":{"line":76,"column":2},"end":{"line":189,"column":4}},"43":{"start":{"line":101,"column":12},"end":{"line":184,"column":17}},"44":{"start":{"line":151,"column":43},"end":{"line":151,"column":73}},"45":{"start":{"line":169,"column":29},"end":{"line":169,"column":42}},"46":{"start":{"line":175,"column":29},"end":{"line":175,"column":61}}},"fnMap":{"0":{"name":"Usuarios","decl":{"start":{"line":3,"column":9},"end":{"line":3,"column":17}},"loc":{"start":{"line":3,"column":35},"end":{"line":190,"column":1}},"line":3},"1":{"name":"(anonymous_1)","decl":{"start":{"line":11,"column":25},"end":{"line":11,"column":26}},"loc":{"start":{"line":11,"column":37},"end":{"line":19,"column":3}},"line":11},"2":{"name":"(anonymous_2)","decl":{"start":{"line":21,"column":12},"end":{"line":21,"column":13}},"loc":{"start":{"line":21,"column":18},"end":{"line":23,"column":3}},"line":21},"3":{"name":"(anonymous_3)","decl":{"start":{"line":25,"column":21},"end":{"line":25,"column":22}},"loc":{"start":{"line":25,"column":28},"end":{"line":28,"column":3}},"line":25},"4":{"name":"(anonymous_4)","decl":{"start":{"line":30,"column":23},"end":{"line":30,"column":24}},"loc":{"start":{"line":30,"column":29},"end":{"line":33,"column":3}},"line":30},"5":{"name":"(anonymous_5)","decl":{"start":{"line":35,"column":23},"end":{"line":35,"column":24}},"loc":{"start":{"line":35,"column":30},"end":{"line":37,"column":3}},"line":35},"6":{"name":"(anonymous_6)","decl":{"start":{"line":39,"column":21},"end":{"line":39,"column":22}},"loc":{"start":{"line":39,"column":35},"end":{"line":56,"column":3}},"line":39},"7":{"name":"(anonymous_7)","decl":{"start":{"line":58,"column":23},"end":{"line":58,"column":24}},"loc":{"start":{"line":58,"column":37},"end":{"line":70,"column":3}},"line":58},"8":{"name":"(anonymous_8)","decl":{"start":{"line":63,"column":36},"end":{"line":63,"column":37}},"loc":{"start":{"line":63,"column":43},"end":{"line":63,"column":68}},"line":63},"9":{"name":"(anonymous_9)","decl":{"start":{"line":100,"column":24},"end":{"line":100,"column":25}},"loc":{"start":{"line":101,"column":12},"end":{"line":184,"column":17}},"line":101},"10":{"name":"(anonymous_10)","decl":{"start":{"line":151,"column":37},"end":{"line":151,"column":38}},"loc":{"start":{"line":151,"column":43},"end":{"line":151,"column":73}},"line":151},"11":{"name":"(anonymous_11)","decl":{"start":{"line":169,"column":23},"end":{"line":169,"column":24}},"loc":{"start":{"line":169,"column":29},"end":{"line":169,"column":42}},"line":169},"12":{"name":"(anonymous_12)","decl":{"start":{"line":175,"column":23},"end":{"line":175,"column":24}},"loc":{"start":{"line":175,"column":29},"end":{"line":175,"column":61}},"line":175}},"branchMap":{"0":{"loc":{"start":{"line":22,"column":4},"end":{"line":22,"column":54}},"type":"if","locations":[{"start":{"line":22,"column":4},"end":{"line":22,"column":54}},{"start":{},"end":{}}],"line":22},"1":{"loc":{"start":{"line":47,"column":6},"end":{"line":52,"column":7}},"type":"if","locations":[{"start":{"line":47,"column":6},"end":{"line":52,"column":7}},{"start":{"line":50,"column":13},"end":{"line":52,"column":7}}],"line":47},"2":{"loc":{"start":{"line":59,"column":4},"end":{"line":59,"column":77}},"type":"if","locations":[{"start":{"line":59,"column":4},"end":{"line":59,"column":77}},{"start":{},"end":{}}],"line":59},"3":{"loc":{"start":{"line":62,"column":6},"end":{"line":66,"column":7}},"type":"if","locations":[{"start":{"line":62,"column":6},"end":{"line":66,"column":7}},{"start":{"line":64,"column":13},"end":{"line":66,"column":7}}],"line":62},"4":{"loc":{"start":{"line":72,"column":2},"end":{"line":74,"column":3}},"type":"if","locations":[{"start":{"line":72,"column":2},"end":{"line":74,"column":3}},{"start":{},"end":{}}],"line":72},"5":{"loc":{"start":{"line":79,"column":7},"end":{"line":79,"column":55}},"type":"binary-expr","locations":[{"start":{"line":79,"column":7},"end":{"line":79,"column":12}},{"start":{"line":79,"column":16},"end":{"line":79,"column":55}}],"line":79},"6":{"loc":{"start":{"line":102,"column":15},"end":{"line":183,"column":15}},"type":"cond-expr","locations":[{"start":{"line":103,"column":16},"end":{"line":156,"column":19}},{"start":{"line":158,"column":16},"end":{"line":182,"column":19}}],"line":102}},"s":{"0":7,"1":7,"2":7,"3":7,"4":7,"5":7,"6":3,"7":3,"8":3,"9":2,"10":1,"11":7,"12":5,"13":3,"14":7,"15":0,"16":0,"17":7,"18":0,"19":0,"20":7,"21":0,"22":7,"23":0,"24":0,"25":0,"26":0,"27":0,"28":0,"29":0,"30":7,"31":0,"32":0,"33":0,"34":0,"35":0,"36":0,"37":0,"38":0,"39":0,"40":7,"41":2,"42":5,"43":2,"44":0,"45":0,"46":0},"f":{"0":7,"1":3,"2":5,"3":0,"4":0,"5":0,"6":0,"7":0,"8":0,"9":2,"10":0,"11":0,"12":0},"b":{"0":[3,2],"1":[0,0],"2":[0,0],"3":[0,0],"4":[2,5],"5":[5,0],"6":[0,2]},"_coverageSchema":"1a1c01bbd47fc00a2c39e90264f33305004495a9","hash":"68b58fc9ad09eed0f106a32d290fed4fd5ef15ac"}
,"/home/etec/Proyecto-Inversiones-en-Dolares/Frontend/src/components/HelloWorld.jsx": {"path":"/home/etec/Proyecto-Inversiones-en-Dolares/Frontend/src/components/HelloWorld.jsx","statementMap":{"0":{"start":{"line":2,"column":2},"end":{"line":2,"column":33}}},"fnMap":{"0":{"name":"HelloWorld","decl":{"start":{"line":1,"column":24},"end":{"line":1,"column":34}},"loc":{"start":{"line":1,"column":45},"end":{"line":3,"column":1}},"line":1}},"branchMap":{},"s":{"0":1},"f":{"0":1},"b":{},"_coverageSchema":"1a1c01bbd47fc00a2c39e90264f33305004495a9","hash":"9cd8f15d3eee8b8fbc605503abaadb6f01c37f3a"}
}
