{"/home/etec/Documentos/Proyecto-Inversiones-en-Dolares/Frontend/src/App.jsx": {"path":"/home/etec/Documentos/Proyecto-Inversiones-en-Dolares/Frontend/src/App.jsx","statementMap":{"0":{"start":{"line":6,"column":28},"end":{"line":6,"column":40}},"1":{"start":{"line":7,"column":30},"end":{"line":7,"column":42}},"2":{"start":{"line":8,"column":36},"end":{"line":8,"column":50}},"3":{"start":{"line":10,"column":28},"end":{"line":10,"column":46}},"4":{"start":{"line":12,"column":30},"end":{"line":12,"column":42}},"5":{"start":{"line":13,"column":34},"end":{"line":13,"column":46}},"6":{"start":{"line":14,"column":28},"end":{"line":14,"column":40}},"7":{"start":{"line":15,"column":34},"end":{"line":15,"column":46}},"8":{"start":{"line":16,"column":26},"end":{"line":16,"column":38}},"9":{"start":{"line":17,"column":32},"end":{"line":17,"column":44}},"10":{"start":{"line":18,"column":34},"end":{"line":18,"column":46}},"11":{"start":{"line":19,"column":48},"end":{"line":19,"column":63}},"12":{"start":{"line":21,"column":42},"end":{"line":21,"column":54}},"13":{"start":{"line":22,"column":44},"end":{"line":22,"column":56}},"14":{"start":{"line":23,"column":42},"end":{"line":23,"column":57}},"15":{"start":{"line":25,"column":40},"end":{"line":34,"column":4}},"16":{"start":{"line":37,"column":44},"end":{"line":37,"column":61}},"17":{"start":{"line":38,"column":58},"end":{"line":38,"column":70}},"18":{"start":{"line":40,"column":24},"end":{"line":40,"column":28}},"19":{"start":{"line":43,"column":48},"end":{"line":43,"column":60}},"20":{"start":{"line":44,"column":46},"end":{"line":44,"column":61}},"21":{"start":{"line":45,"column":56},"end":{"line":45,"column":70}},"22":{"start":{"line":48,"column":42},"end":{"line":52,"column":4}},"23":{"start":{"line":54,"column":18},"end":{"line":54,"column":26}},"24":{"start":{"line":57,"column":2},"end":{"line":78,"column":9}},"25":{"start":{"line":58,"column":23},"end":{"line":72,"column":5}},"26":{"start":{"line":59,"column":6},"end":{"line":71,"column":7}},"27":{"start":{"line":60,"column":25},"end":{"line":62,"column":9}},"28":{"start":{"line":63,"column":21},"end":{"line":63,"column":42}},"29":{"start":{"line":64,"column":8},"end":{"line":68,"column":11}},"30":{"start":{"line":70,"column":8},"end":{"line":70,"column":59}},"31":{"start":{"line":74,"column":4},"end":{"line":74,"column":17}},"32":{"start":{"line":76,"column":21},"end":{"line":76,"column":52}},"33":{"start":{"line":77,"column":4},"end":{"line":77,"column":41}},"34":{"start":{"line":77,"column":17},"end":{"line":77,"column":40}},"35":{"start":{"line":80,"column":28},"end":{"line":133,"column":3}},"36":{"start":{"line":81,"column":4},"end":{"line":81,"column":23}},"37":{"start":{"line":82,"column":14},"end":{"line":82,"column":31}},"38":{"start":{"line":83,"column":17},"end":{"line":83,"column":33}},"39":{"start":{"line":84,"column":27},"end":{"line":84,"column":64}},"40":{"start":{"line":86,"column":4},"end":{"line":89,"column":5}},"41":{"start":{"line":87,"column":6},"end":{"line":87,"column":63}},"42":{"start":{"line":88,"column":6},"end":{"line":88,"column":13}},"43":{"start":{"line":90,"column":4},"end":{"line":93,"column":5}},"44":{"start":{"line":91,"column":6},"end":{"line":91,"column":56}},"45":{"start":{"line":92,"column":6},"end":{"line":92,"column":13}},"46":{"start":{"line":95,"column":23},"end":{"line":95,"column":42}},"47":{"start":{"line":96,"column":14},"end":{"line":96,"column":48}},"48":{"start":{"line":97,"column":4},"end":{"line":97,"column":31}},"49":{"start":{"line":100,"column":4},"end":{"line":132,"column":5}},"50":{"start":{"line":101,"column":6},"end":{"line":129,"column":7}},"51":{"start":{"line":102,"column":25},"end":{"line":115,"column":9}},"52":{"start":{"line":117,"column":21},"end":{"line":117,"column":42}},"53":{"start":{"line":118,"column":8},"end":{"line":126,"column":9}},"54":{"start":{"line":119,"column":10},"end":{"line":122,"column":12}},"55":{"start":{"line":123,"column":10},"end":{"line":123,"column":79}},"56":{"start":{"line":125,"column":10},"end":{"line":125,"column":64}},"57":{"start":{"line":128,"column":8},"end":{"line":128,"column":64}},"58":{"start":{"line":131,"column":6},"end":{"line":131,"column":79}},"59":{"start":{"line":135,"column":28},"end":{"line":150,"column":3}},"60":{"start":{"line":136,"column":4},"end":{"line":136,"column":23}},"61":{"start":{"line":137,"column":16},"end":{"line":137,"column":43}},"62":{"start":{"line":138,"column":4},"end":{"line":141,"column":5}},"63":{"start":{"line":139,"column":6},"end":{"line":139,"column":39}},"64":{"start":{"line":140,"column":6},"end":{"line":140,"column":13}},"65":{"start":{"line":143,"column":20},"end":{"line":143,"column":21}},"66":{"start":{"line":144,"column":4},"end":{"line":148,"column":5}},"67":{"start":{"line":145,"column":6},"end":{"line":145,"column":45}},"68":{"start":{"line":146,"column":11},"end":{"line":148,"column":5}},"69":{"start":{"line":147,"column":6},"end":{"line":147,"column":34}},"70":{"start":{"line":149,"column":4},"end":{"line":149,"column":49}},"71":{"start":{"line":152,"column":27},"end":{"line":176,"column":3}},"72":{"start":{"line":153,"column":4},"end":{"line":153,"column":23}},"73":{"start":{"line":154,"column":4},"end":{"line":175,"column":71}},"74":{"start":{"line":155,"column":6},"end":{"line":174,"column":7}},"75":{"start":{"line":156,"column":25},"end":{"line":168,"column":10}},"76":{"start":{"line":169,"column":21},"end":{"line":169,"column":42}},"77":{"start":{"line":170,"column":8},"end":{"line":171,"column":43}},"78":{"start":{"line":170,"column":25},"end":{"line":170,"column":50}},"79":{"start":{"line":171,"column":13},"end":{"line":171,"column":43}},"80":{"start":{"line":173,"column":8},"end":{"line":173,"column":40}},"81":{"start":{"line":175,"column":11},"end":{"line":175,"column":71}},"82":{"start":{"line":178,"column":24},"end":{"line":200,"column":3}},"83":{"start":{"line":179,"column":4},"end":{"line":179,"column":23}},"84":{"start":{"line":180,"column":4},"end":{"line":199,"column":5}},"85":{"start":{"line":181,"column":23},"end":{"line":188,"column":8}},"86":{"start":{"line":189,"column":19},"end":{"line":189,"column":40}},"87":{"start":{"line":190,"column":6},"end":{"line":196,"column":7}},"88":{"start":{"line":191,"column":8},"end":{"line":191,"column":30}},"89":{"start":{"line":192,"column":8},"end":{"line":192,"column":37}},"90":{"start":{"line":193,"column":8},"end":{"line":193,"column":27}},"91":{"start":{"line":195,"column":8},"end":{"line":195,"column":55}},"92":{"start":{"line":198,"column":6},"end":{"line":198,"column":38}},"93":{"start":{"line":202,"column":26},"end":{"line":216,"column":3}},"94":{"start":{"line":203,"column":4},"end":{"line":203,"column":23}},"95":{"start":{"line":204,"column":4},"end":{"line":215,"column":5}},"96":{"start":{"line":205,"column":23},"end":{"line":209,"column":8}},"97":{"start":{"line":210,"column":19},"end":{"line":210,"column":40}},"98":{"start":{"line":211,"column":6},"end":{"line":212,"column":41}},"99":{"start":{"line":211,"column":23},"end":{"line":211,"column":65}},"100":{"start":{"line":212,"column":11},"end":{"line":212,"column":41}},"101":{"start":{"line":214,"column":6},"end":{"line":214,"column":38}},"102":{"start":{"line":219,"column":38},"end":{"line":240,"column":3}},"103":{"start":{"line":220,"column":4},"end":{"line":220,"column":46}},"104":{"start":{"line":220,"column":39},"end":{"line":220,"column":46}},"105":{"start":{"line":222,"column":4},"end":{"line":239,"column":5}},"106":{"start":{"line":223,"column":18},"end":{"line":223,"column":85}},"107":{"start":{"line":224,"column":23},"end":{"line":224,"column":39}},"108":{"start":{"line":226,"column":19},"end":{"line":226,"column":40}},"109":{"start":{"line":228,"column":6},"end":{"line":234,"column":7}},"110":{"start":{"line":229,"column":8},"end":{"line":229,"column":38}},"111":{"start":{"line":231,"column":8},"end":{"line":231,"column":64}},"112":{"start":{"line":232,"column":8},"end":{"line":232,"column":58}},"113":{"start":{"line":233,"column":8},"end":{"line":233,"column":36}},"114":{"start":{"line":236,"column":6},"end":{"line":236,"column":64}},"115":{"start":{"line":237,"column":6},"end":{"line":237,"column":58}},"116":{"start":{"line":238,"column":6},"end":{"line":238,"column":34}},"117":{"start":{"line":242,"column":2},"end":{"line":699,"column":4}},"118":{"start":{"line":249,"column":25},"end":{"line":249,"column":43}},"119":{"start":{"line":252,"column":29},"end":{"line":252,"column":47}},"120":{"start":{"line":253,"column":29},"end":{"line":253,"column":51}},"121":{"start":{"line":254,"column":29},"end":{"line":254,"column":51}},"122":{"start":{"line":256,"column":31},"end":{"line":256,"column":51}},"123":{"start":{"line":259,"column":31},"end":{"line":259,"column":48}},"124":{"start":{"line":262,"column":31},"end":{"line":262,"column":51}},"125":{"start":{"line":265,"column":31},"end":{"line":265,"column":51}},"126":{"start":{"line":270,"column":16},"end":{"line":270,"column":39}},"127":{"start":{"line":271,"column":16},"end":{"line":281,"column":19}},"128":{"start":{"line":282,"column":16},"end":{"line":282,"column":35}},"129":{"start":{"line":304,"column":33},"end":{"line":304,"column":55}},"130":{"start":{"line":377,"column":35},"end":{"line":377,"column":59}},"131":{"start":{"line":386,"column":35},"end":{"line":386,"column":60}},"132":{"start":{"line":408,"column":31},"end":{"line":408,"column":53}},"133":{"start":{"line":435,"column":35},"end":{"line":435,"column":69}},"134":{"start":{"line":443,"column":35},"end":{"line":443,"column":68}},"135":{"start":{"line":472,"column":35},"end":{"line":472,"column":60}},"136":{"start":{"line":481,"column":35},"end":{"line":481,"column":62}},"137":{"start":{"line":490,"column":35},"end":{"line":490,"column":59}},"138":{"start":{"line":499,"column":35},"end":{"line":499,"column":62}},"139":{"start":{"line":507,"column":35},"end":{"line":507,"column":58}},"140":{"start":{"line":516,"column":35},"end":{"line":516,"column":61}},"141":{"start":{"line":525,"column":35},"end":{"line":525,"column":62}},"142":{"start":{"line":551,"column":35},"end":{"line":551,"column":66}},"143":{"start":{"line":560,"column":35},"end":{"line":560,"column":67}},"144":{"start":{"line":578,"column":31},"end":{"line":578,"column":56}},"145":{"start":{"line":585,"column":18},"end":{"line":585,"column":48}},"146":{"start":{"line":586,"column":18},"end":{"line":586,"column":48}},"147":{"start":{"line":602,"column":22},"end":{"line":602,"column":80}},"148":{"start":{"line":612,"column":22},"end":{"line":615,"column":24}},"149":{"start":{"line":625,"column":22},"end":{"line":625,"column":79}},"150":{"start":{"line":635,"column":22},"end":{"line":638,"column":24}},"151":{"start":{"line":648,"column":22},"end":{"line":648,"column":78}},"152":{"start":{"line":678,"column":24},"end":{"line":688,"column":29}}},"fnMap":{"0":{"name":"App","decl":{"start":{"line":5,"column":9},"end":{"line":5,"column":12}},"loc":{"start":{"line":5,"column":15},"end":{"line":700,"column":1}},"line":5},"1":{"name":"(anonymous_1)","decl":{"start":{"line":57,"column":12},"end":{"line":57,"column":13}},"loc":{"start":{"line":57,"column":18},"end":{"line":78,"column":3}},"line":57},"2":{"name":"(anonymous_2)","decl":{"start":{"line":58,"column":23},"end":{"line":58,"column":24}},"loc":{"start":{"line":58,"column":35},"end":{"line":72,"column":5}},"line":58},"3":{"name":"(anonymous_3)","decl":{"start":{"line":77,"column":11},"end":{"line":77,"column":12}},"loc":{"start":{"line":77,"column":17},"end":{"line":77,"column":40}},"line":77},"4":{"name":"(anonymous_4)","decl":{"start":{"line":80,"column":28},"end":{"line":80,"column":29}},"loc":{"start":{"line":80,"column":41},"end":{"line":133,"column":3}},"line":80},"5":{"name":"(anonymous_5)","decl":{"start":{"line":135,"column":28},"end":{"line":135,"column":29}},"loc":{"start":{"line":135,"column":35},"end":{"line":150,"column":3}},"line":135},"6":{"name":"(anonymous_6)","decl":{"start":{"line":152,"column":27},"end":{"line":152,"column":28}},"loc":{"start":{"line":152,"column":40},"end":{"line":176,"column":3}},"line":152},"7":{"name":"(anonymous_7)","decl":{"start":{"line":178,"column":24},"end":{"line":178,"column":25}},"loc":{"start":{"line":178,"column":37},"end":{"line":200,"column":3}},"line":178},"8":{"name":"(anonymous_8)","decl":{"start":{"line":202,"column":26},"end":{"line":202,"column":27}},"loc":{"start":{"line":202,"column":39},"end":{"line":216,"column":3}},"line":202},"9":{"name":"(anonymous_9)","decl":{"start":{"line":219,"column":38},"end":{"line":219,"column":39}},"loc":{"start":{"line":219,"column":50},"end":{"line":240,"column":3}},"line":219},"10":{"name":"(anonymous_10)","decl":{"start":{"line":249,"column":19},"end":{"line":249,"column":20}},"loc":{"start":{"line":249,"column":25},"end":{"line":249,"column":43}},"line":249},"11":{"name":"(anonymous_11)","decl":{"start":{"line":252,"column":23},"end":{"line":252,"column":24}},"loc":{"start":{"line":252,"column":29},"end":{"line":252,"column":47}},"line":252},"12":{"name":"(anonymous_12)","decl":{"start":{"line":253,"column":23},"end":{"line":253,"column":24}},"loc":{"start":{"line":253,"column":29},"end":{"line":253,"column":51}},"line":253},"13":{"name":"(anonymous_13)","decl":{"start":{"line":254,"column":23},"end":{"line":254,"column":24}},"loc":{"start":{"line":254,"column":29},"end":{"line":254,"column":51}},"line":254},"14":{"name":"(anonymous_14)","decl":{"start":{"line":256,"column":25},"end":{"line":256,"column":26}},"loc":{"start":{"line":256,"column":31},"end":{"line":256,"column":51}},"line":256},"15":{"name":"(anonymous_15)","decl":{"start":{"line":259,"column":25},"end":{"line":259,"column":26}},"loc":{"start":{"line":259,"column":31},"end":{"line":259,"column":48}},"line":259},"16":{"name":"(anonymous_16)","decl":{"start":{"line":262,"column":25},"end":{"line":262,"column":26}},"loc":{"start":{"line":262,"column":31},"end":{"line":262,"column":51}},"line":262},"17":{"name":"(anonymous_17)","decl":{"start":{"line":265,"column":25},"end":{"line":265,"column":26}},"loc":{"start":{"line":265,"column":31},"end":{"line":265,"column":51}},"line":265},"18":{"name":"(anonymous_18)","decl":{"start":{"line":269,"column":23},"end":{"line":269,"column":24}},"loc":{"start":{"line":269,"column":29},"end":{"line":283,"column":15}},"line":269},"19":{"name":"(anonymous_19)","decl":{"start":{"line":304,"column":27},"end":{"line":304,"column":28}},"loc":{"start":{"line":304,"column":33},"end":{"line":304,"column":55}},"line":304},"20":{"name":"(anonymous_20)","decl":{"start":{"line":377,"column":28},"end":{"line":377,"column":29}},"loc":{"start":{"line":377,"column":35},"end":{"line":377,"column":59}},"line":377},"21":{"name":"(anonymous_21)","decl":{"start":{"line":386,"column":28},"end":{"line":386,"column":29}},"loc":{"start":{"line":386,"column":35},"end":{"line":386,"column":60}},"line":386},"22":{"name":"(anonymous_22)","decl":{"start":{"line":408,"column":25},"end":{"line":408,"column":26}},"loc":{"start":{"line":408,"column":31},"end":{"line":408,"column":53}},"line":408},"23":{"name":"(anonymous_23)","decl":{"start":{"line":435,"column":28},"end":{"line":435,"column":29}},"loc":{"start":{"line":435,"column":35},"end":{"line":435,"column":69}},"line":435},"24":{"name":"(anonymous_24)","decl":{"start":{"line":443,"column":28},"end":{"line":443,"column":29}},"loc":{"start":{"line":443,"column":35},"end":{"line":443,"column":68}},"line":443},"25":{"name":"(anonymous_25)","decl":{"start":{"line":472,"column":28},"end":{"line":472,"column":29}},"loc":{"start":{"line":472,"column":35},"end":{"line":472,"column":60}},"line":472},"26":{"name":"(anonymous_26)","decl":{"start":{"line":481,"column":28},"end":{"line":481,"column":29}},"loc":{"start":{"line":481,"column":35},"end":{"line":481,"column":62}},"line":481},"27":{"name":"(anonymous_27)","decl":{"start":{"line":490,"column":28},"end":{"line":490,"column":29}},"loc":{"start":{"line":490,"column":35},"end":{"line":490,"column":59}},"line":490},"28":{"name":"(anonymous_28)","decl":{"start":{"line":499,"column":28},"end":{"line":499,"column":29}},"loc":{"start":{"line":499,"column":35},"end":{"line":499,"column":62}},"line":499},"29":{"name":"(anonymous_29)","decl":{"start":{"line":507,"column":28},"end":{"line":507,"column":29}},"loc":{"start":{"line":507,"column":35},"end":{"line":507,"column":58}},"line":507},"30":{"name":"(anonymous_30)","decl":{"start":{"line":516,"column":28},"end":{"line":516,"column":29}},"loc":{"start":{"line":516,"column":35},"end":{"line":516,"column":61}},"line":516},"31":{"name":"(anonymous_31)","decl":{"start":{"line":525,"column":28},"end":{"line":525,"column":29}},"loc":{"start":{"line":525,"column":35},"end":{"line":525,"column":62}},"line":525},"32":{"name":"(anonymous_32)","decl":{"start":{"line":551,"column":28},"end":{"line":551,"column":29}},"loc":{"start":{"line":551,"column":35},"end":{"line":551,"column":66}},"line":551},"33":{"name":"(anonymous_33)","decl":{"start":{"line":560,"column":28},"end":{"line":560,"column":29}},"loc":{"start":{"line":560,"column":35},"end":{"line":560,"column":67}},"line":560},"34":{"name":"(anonymous_34)","decl":{"start":{"line":578,"column":25},"end":{"line":578,"column":26}},"loc":{"start":{"line":578,"column":31},"end":{"line":578,"column":56}},"line":578},"35":{"name":"(anonymous_35)","decl":{"start":{"line":584,"column":25},"end":{"line":584,"column":26}},"loc":{"start":{"line":584,"column":31},"end":{"line":587,"column":17}},"line":584},"36":{"name":"(anonymous_36)","decl":{"start":{"line":601,"column":30},"end":{"line":601,"column":31}},"loc":{"start":{"line":602,"column":22},"end":{"line":602,"column":80}},"line":602},"37":{"name":"(anonymous_37)","decl":{"start":{"line":611,"column":30},"end":{"line":611,"column":31}},"loc":{"start":{"line":612,"column":22},"end":{"line":615,"column":24}},"line":612},"38":{"name":"(anonymous_38)","decl":{"start":{"line":624,"column":30},"end":{"line":624,"column":31}},"loc":{"start":{"line":625,"column":22},"end":{"line":625,"column":79}},"line":625},"39":{"name":"(anonymous_39)","decl":{"start":{"line":634,"column":30},"end":{"line":634,"column":31}},"loc":{"start":{"line":635,"column":22},"end":{"line":638,"column":24}},"line":635},"40":{"name":"(anonymous_40)","decl":{"start":{"line":647,"column":30},"end":{"line":647,"column":31}},"loc":{"start":{"line":648,"column":22},"end":{"line":648,"column":78}},"line":648},"41":{"name":"(anonymous_41)","decl":{"start":{"line":677,"column":48},"end":{"line":677,"column":49}},"loc":{"start":{"line":678,"column":24},"end":{"line":688,"column":29}},"line":678}},"branchMap":{"0":{"loc":{"start":{"line":86,"column":4},"end":{"line":89,"column":5}},"type":"if","locations":[{"start":{"line":86,"column":4},"end":{"line":89,"column":5}},{"start":{},"end":{}}],"line":86},"1":{"loc":{"start":{"line":86,"column":8},"end":{"line":86,"column":41}},"type":"binary-expr","locations":[{"start":{"line":86,"column":8},"end":{"line":86,"column":16}},{"start":{"line":86,"column":20},"end":{"line":86,"column":27}},{"start":{"line":86,"column":31},"end":{"line":86,"column":41}}],"line":86},"2":{"loc":{"start":{"line":90,"column":4},"end":{"line":93,"column":5}},"type":"if","locations":[{"start":{"line":90,"column":4},"end":{"line":93,"column":5}},{"start":{},"end":{}}],"line":90},"3":{"loc":{"start":{"line":90,"column":8},"end":{"line":90,"column":45}},"type":"binary-expr","locations":[{"start":{"line":90,"column":8},"end":{"line":90,"column":19}},{"start":{"line":90,"column":23},"end":{"line":90,"column":31}},{"start":{"line":90,"column":35},"end":{"line":90,"column":45}}],"line":90},"4":{"loc":{"start":{"line":100,"column":4},"end":{"line":132,"column":5}},"type":"if","locations":[{"start":{"line":100,"column":4},"end":{"line":132,"column":5}},{"start":{"line":130,"column":11},"end":{"line":132,"column":5}}],"line":100},"5":{"loc":{"start":{"line":100,"column":8},"end":{"line":100,"column":52}},"type":"binary-expr","locations":[{"start":{"line":100,"column":8},"end":{"line":100,"column":20}},{"start":{"line":100,"column":24},"end":{"line":100,"column":52}}],"line":100},"6":{"loc":{"start":{"line":118,"column":8},"end":{"line":126,"column":9}},"type":"if","locations":[{"start":{"line":118,"column":8},"end":{"line":126,"column":9}},{"start":{"line":124,"column":15},"end":{"line":126,"column":9}}],"line":118},"7":{"loc":{"start":{"line":138,"column":4},"end":{"line":141,"column":5}},"type":"if","locations":[{"start":{"line":138,"column":4},"end":{"line":141,"column":5}},{"start":{},"end":{}}],"line":138},"8":{"loc":{"start":{"line":138,"column":8},"end":{"line":138,"column":34}},"type":"binary-expr","locations":[{"start":{"line":138,"column":8},"end":{"line":138,"column":20}},{"start":{"line":138,"column":24},"end":{"line":138,"column":34}}],"line":138},"9":{"loc":{"start":{"line":144,"column":4},"end":{"line":148,"column":5}},"type":"if","locations":[{"start":{"line":144,"column":4},"end":{"line":148,"column":5}},{"start":{"line":146,"column":11},"end":{"line":148,"column":5}}],"line":144},"10":{"loc":{"start":{"line":146,"column":11},"end":{"line":148,"column":5}},"type":"if","locations":[{"start":{"line":146,"column":11},"end":{"line":148,"column":5}},{"start":{},"end":{}}],"line":146},"11":{"loc":{"start":{"line":154,"column":4},"end":{"line":175,"column":71}},"type":"if","locations":[{"start":{"line":154,"column":4},"end":{"line":175,"column":71}},{"start":{"line":175,"column":11},"end":{"line":175,"column":71}}],"line":154},"12":{"loc":{"start":{"line":154,"column":8},"end":{"line":154,"column":66}},"type":"binary-expr","locations":[{"start":{"line":154,"column":8},"end":{"line":154,"column":14}},{"start":{"line":154,"column":18},"end":{"line":154,"column":26}},{"start":{"line":154,"column":30},"end":{"line":154,"column":35}},{"start":{"line":154,"column":39},"end":{"line":154,"column":43}},{"start":{"line":154,"column":47},"end":{"line":154,"column":54}},{"start":{"line":154,"column":58},"end":{"line":154,"column":66}}],"line":154},"13":{"loc":{"start":{"line":170,"column":8},"end":{"line":171,"column":43}},"type":"if","locations":[{"start":{"line":170,"column":8},"end":{"line":171,"column":43}},{"start":{"line":171,"column":13},"end":{"line":171,"column":43}}],"line":170},"14":{"loc":{"start":{"line":190,"column":6},"end":{"line":196,"column":7}},"type":"if","locations":[{"start":{"line":190,"column":6},"end":{"line":196,"column":7}},{"start":{"line":194,"column":13},"end":{"line":196,"column":7}}],"line":190},"15":{"loc":{"start":{"line":211,"column":6},"end":{"line":212,"column":41}},"type":"if","locations":[{"start":{"line":211,"column":6},"end":{"line":212,"column":41}},{"start":{"line":212,"column":11},"end":{"line":212,"column":41}}],"line":211},"16":{"loc":{"start":{"line":220,"column":4},"end":{"line":220,"column":46}},"type":"if","locations":[{"start":{"line":220,"column":4},"end":{"line":220,"column":46}},{"start":{},"end":{}}],"line":220},"17":{"loc":{"start":{"line":228,"column":6},"end":{"line":234,"column":7}},"type":"if","locations":[{"start":{"line":228,"column":6},"end":{"line":234,"column":7}},{"start":{"line":230,"column":13},"end":{"line":234,"column":7}}],"line":228},"18":{"loc":{"start":{"line":255,"column":11},"end":{"line":257,"column":11}},"type":"binary-expr","locations":[{"start":{"line":255,"column":11},"end":{"line":255,"column":24}},{"start":{"line":256,"column":12},"end":{"line":256,"column":68}}],"line":255},"19":{"loc":{"start":{"line":258,"column":11},"end":{"line":260,"column":11}},"type":"binary-expr","locations":[{"start":{"line":258,"column":11},"end":{"line":258,"column":24}},{"start":{"line":259,"column":12},"end":{"line":259,"column":69}}],"line":258},"20":{"loc":{"start":{"line":261,"column":11},"end":{"line":263,"column":11}},"type":"binary-expr","locations":[{"start":{"line":261,"column":11},"end":{"line":261,"column":23}},{"start":{"line":262,"column":12},"end":{"line":262,"column":67}}],"line":261},"21":{"loc":{"start":{"line":264,"column":11},"end":{"line":266,"column":11}},"type":"binary-expr","locations":[{"start":{"line":264,"column":11},"end":{"line":264,"column":23}},{"start":{"line":264,"column":27},"end":{"line":264,"column":54}},{"start":{"line":265,"column":12},"end":{"line":265,"column":66}}],"line":264},"22":{"loc":{"start":{"line":267,"column":11},"end":{"line":287,"column":11}},"type":"binary-expr","locations":[{"start":{"line":267,"column":11},"end":{"line":267,"column":23}},{"start":{"line":268,"column":12},"end":{"line":286,"column":17}}],"line":267},"23":{"loc":{"start":{"line":293,"column":9},"end":{"line":295,"column":79}},"type":"binary-expr","locations":[{"start":{"line":293,"column":9},"end":{"line":293,"column":29}},{"start":{"line":294,"column":10},"end":{"line":294,"column":22}},{"start":{"line":295,"column":10},"end":{"line":295,"column":37}},{"start":{"line":295,"column":41},"end":{"line":295,"column":79}}],"line":293},"24":{"loc":{"start":{"line":297,"column":9},"end":{"line":354,"column":9}},"type":"binary-expr","locations":[{"start":{"line":297,"column":9},"end":{"line":297,"column":27}},{"start":{"line":298,"column":10},"end":{"line":353,"column":13}}],"line":297},"25":{"loc":{"start":{"line":356,"column":9},"end":{"line":414,"column":9}},"type":"binary-expr","locations":[{"start":{"line":356,"column":9},"end":{"line":356,"column":31}},{"start":{"line":357,"column":10},"end":{"line":413,"column":13}}],"line":356},"26":{"loc":{"start":{"line":359,"column":13},"end":{"line":369,"column":13}},"type":"cond-expr","locations":[{"start":{"line":360,"column":14},"end":{"line":363,"column":18}},{"start":{"line":365,"column":14},"end":{"line":368,"column":18}}],"line":359},"27":{"loc":{"start":{"line":392,"column":13},"end":{"line":399,"column":13}},"type":"binary-expr","locations":[{"start":{"line":392,"column":13},"end":{"line":392,"column":22}},{"start":{"line":393,"column":14},"end":{"line":398,"column":20}}],"line":392},"28":{"loc":{"start":{"line":416,"column":9},"end":{"line":461,"column":9}},"type":"binary-expr","locations":[{"start":{"line":416,"column":9},"end":{"line":416,"column":31}},{"start":{"line":417,"column":10},"end":{"line":460,"column":13}}],"line":416},"29":{"loc":{"start":{"line":452,"column":13},"end":{"line":459,"column":13}},"type":"binary-expr","locations":[{"start":{"line":452,"column":13},"end":{"line":452,"column":32}},{"start":{"line":453,"column":14},"end":{"line":458,"column":20}}],"line":452},"30":{"loc":{"start":{"line":463,"column":9},"end":{"line":540,"column":9}},"type":"binary-expr","locations":[{"start":{"line":463,"column":9},"end":{"line":463,"column":29}},{"start":{"line":463,"column":33},"end":{"line":463,"column":46}},{"start":{"line":464,"column":10},"end":{"line":539,"column":13}}],"line":463},"31":{"loc":{"start":{"line":531,"column":13},"end":{"line":538,"column":13}},"type":"binary-expr","locations":[{"start":{"line":531,"column":13},"end":{"line":531,"column":28}},{"start":{"line":532,"column":14},"end":{"line":537,"column":20}}],"line":531},"32":{"loc":{"start":{"line":542,"column":9},"end":{"line":567,"column":9}},"type":"binary-expr","locations":[{"start":{"line":542,"column":9},"end":{"line":542,"column":26}},{"start":{"line":542,"column":30},"end":{"line":542,"column":43}},{"start":{"line":543,"column":10},"end":{"line":566,"column":13}}],"line":542},"33":{"loc":{"start":{"line":570,"column":9},"end":{"line":696,"column":9}},"type":"binary-expr","locations":[{"start":{"line":570,"column":9},"end":{"line":570,"column":29}},{"start":{"line":570,"column":33},"end":{"line":570,"column":45}},{"start":{"line":571,"column":10},"end":{"line":695,"column":13}}],"line":570},"34":{"loc":{"start":{"line":577,"column":27},"end":{"line":577,"column":72}},"type":"cond-expr","locations":[{"start":{"line":577,"column":55},"end":{"line":577,"column":67}},{"start":{"line":577,"column":70},"end":{"line":577,"column":72}}],"line":577},"35":{"loc":{"start":{"line":583,"column":27},"end":{"line":583,"column":76}},"type":"cond-expr","locations":[{"start":{"line":583,"column":59},"end":{"line":583,"column":71}},{"start":{"line":583,"column":74},"end":{"line":583,"column":76}}],"line":583},"36":{"loc":{"start":{"line":594,"column":13},"end":{"line":654,"column":13}},"type":"binary-expr","locations":[{"start":{"line":594,"column":13},"end":{"line":594,"column":38}},{"start":{"line":595,"column":14},"end":{"line":653,"column":21}}],"line":594},"37":{"loc":{"start":{"line":657,"column":13},"end":{"line":694,"column":13}},"type":"binary-expr","locations":[{"start":{"line":657,"column":13},"end":{"line":657,"column":42}},{"start":{"line":658,"column":14},"end":{"line":693,"column":20}}],"line":657},"38":{"loc":{"start":{"line":660,"column":17},"end":{"line":692,"column":17}},"type":"cond-expr","locations":[{"start":{"line":661,"column":18},"end":{"line":664,"column":22}},{"start":{"line":666,"column":18},"end":{"line":691,"column":26}}],"line":660},"39":{"loc":{"start":{"line":681,"column":29},"end":{"line":683,"column":51}},"type":"cond-expr","locations":[{"start":{"line":682,"column":32},"end":{"line":682,"column":48}},{"start":{"line":683,"column":32},"end":{"line":683,"column":51}}],"line":681},"40":{"loc":{"start":{"line":687,"column":31},"end":{"line":687,"column":53}},"type":"binary-expr","locations":[{"start":{"line":687,"column":31},"end":{"line":687,"column":44}},{"start":{"line":687,"column":48},"end":{"line":687,"column":53}}],"line":687}},"s":{"0":43,"1":43,"2":43,"3":43,"4":43,"5":43,"6":43,"7":43,"8":43,"9":43,"10":43,"11":43,"12":43,"13":43,"14":43,"15":43,"16":43,"17":43,"18":43,"19":43,"20":43,"21":43,"22":43,"23":43,"24":43,"25":6,"26":6,"27":6,"28":6,"29":6,"30":0,"31":6,"32":6,"33":6,"34":6,"35":43,"36":1,"37":1,"38":1,"39":1,"40":1,"41":0,"42":0,"43":1,"44":0,"45":0,"46":1,"47":1,"48":1,"49":1,"50":0,"51":0,"52":0,"53":0,"54":0,"55":0,"56":0,"57":0,"58":1,"59":43,"60":0,"61":0,"62":0,"63":0,"64":0,"65":0,"66":0,"67":0,"68":0,"69":0,"70":0,"71":43,"72":2,"73":2,"74":2,"75":2,"76":2,"77":2,"78":1,"79":1,"80":0,"81":0,"82":43,"83":3,"84":3,"85":3,"86":3,"87":3,"88":3,"89":3,"90":3,"91":0,"92":0,"93":43,"94":1,"95":1,"96":1,"97":1,"98":1,"99":1,"100":0,"101":0,"102":43,"103":1,"104":0,"105":1,"106":1,"107":1,"108":1,"109":1,"110":1,"111":0,"112":0,"113":0,"114":0,"115":0,"116":0,"117":43,"118":0,"119":0,"120":1,"121":0,"122":2,"123":3,"124":2,"125":0,"126":1,"127":1,"128":1,"129":0,"130":1,"131":1,"132":0,"133":0,"134":0,"135":2,"136":2,"137":2,"138":0,"139":2,"140":2,"141":2,"142":3,"143":3,"144":0,"145":1,"146":1,"147":1,"148":0,"149":0,"150":0,"151":0,"152":0},"f":{"0":43,"1":6,"2":6,"3":6,"4":1,"5":0,"6":2,"7":3,"8":1,"9":1,"10":0,"11":0,"12":1,"13":0,"14":2,"15":3,"16":2,"17":0,"18":1,"19":0,"20":1,"21":1,"22":0,"23":0,"24":0,"25":2,"26":2,"27":2,"28":0,"29":2,"30":2,"31":2,"32":3,"33":3,"34":0,"35":1,"36":1,"37":0,"38":0,"39":0,"40":0,"41":0},"b":{"0":[0,1],"1":[1,1,1],"2":[0,1],"3":[1,1,1],"4":[0,1],"5":[1,0],"6":[0,0],"7":[0,0],"8":[0,0],"9":[0,0],"10":[0,0],"11":[2,0],"12":[2,2,2,2,2,2],"13":[1,1],"14":[3,0],"15":[1,0],"16":[0,1],"17":[1,0],"18":[43,36],"19":[43,36],"20":[43,7],"21":[43,7,0],"22":[43,7],"23":[43,0,0,0],"24":[43,10],"25":[43,4],"26":[0,4],"27":[4,1],"28":[43,0],"29":[0,0],"30":[43,16,16],"31":[16,1],"32":[43,9,9],"33":[43,4,4],"34":[3,1],"35":[1,3],"36":[4,3],"37":[4,1],"38":[1,0],"39":[0,0],"40":[0,0]},"_coverageSchema":"1a1c01bbd47fc00a2c39e90264f33305004495a9","hash":"bc6d6b560d797d1b69aae02991a80fbfe0d55e93"}
,"/home/etec/Documentos/Proyecto-Inversiones-en-Dolares/Frontend/src/Usuarios.jsx": {"path":"/home/etec/Documentos/Proyecto-Inversiones-en-Dolares/Frontend/src/Usuarios.jsx","statementMap":{"0":{"start":{"line":4,"column":34},"end":{"line":4,"column":46}},"1":{"start":{"line":5,"column":34},"end":{"line":5,"column":48}},"2":{"start":{"line":6,"column":26},"end":{"line":6,"column":38}},"3":{"start":{"line":7,"column":28},"end":{"line":7,"column":40}},"4":{"start":{"line":9,"column":18},"end":{"line":9,"column":50}},"5":{"start":{"line":11,"column":25},"end":{"line":19,"column":3}},"6":{"start":{"line":12,"column":4},"end":{"line":18,"column":5}},"7":{"start":{"line":13,"column":18},"end":{"line":13,"column":38}},"8":{"start":{"line":14,"column":19},"end":{"line":14,"column":35}},"9":{"start":{"line":15,"column":6},"end":{"line":15,"column":24}},"10":{"start":{"line":17,"column":6},"end":{"line":17,"column":43}},"11":{"start":{"line":21,"column":2},"end":{"line":23,"column":20}},"12":{"start":{"line":22,"column":4},"end":{"line":22,"column":54}},"13":{"start":{"line":22,"column":37},"end":{"line":22,"column":54}},"14":{"start":{"line":25,"column":21},"end":{"line":28,"column":3}},"15":{"start":{"line":26,"column":4},"end":{"line":26,"column":36}},"16":{"start":{"line":27,"column":4},"end":{"line":27,"column":22}},"17":{"start":{"line":30,"column":23},"end":{"line":33,"column":3}},"18":{"start":{"line":31,"column":4},"end":{"line":31,"column":22}},"19":{"start":{"line":32,"column":4},"end":{"line":32,"column":16}},"20":{"start":{"line":35,"column":23},"end":{"line":37,"column":3}},"21":{"start":{"line":36,"column":4},"end":{"line":36,"column":58}},"22":{"start":{"line":39,"column":21},"end":{"line":56,"column":3}},"23":{"start":{"line":40,"column":4},"end":{"line":55,"column":5}},"24":{"start":{"line":41,"column":18},"end":{"line":45,"column":8}},"25":{"start":{"line":47,"column":6},"end":{"line":52,"column":7}},"26":{"start":{"line":48,"column":8},"end":{"line":48,"column":31}},"27":{"start":{"line":49,"column":8},"end":{"line":49,"column":26}},"28":{"start":{"line":51,"column":8},"end":{"line":51,"column":48}},"29":{"start":{"line":54,"column":6},"end":{"line":54,"column":52}},"30":{"start":{"line":58,"column":23},"end":{"line":70,"column":3}},"31":{"start":{"line":59,"column":4},"end":{"line":59,"column":77}},"32":{"start":{"line":59,"column":70},"end":{"line":59,"column":77}},"33":{"start":{"line":60,"column":4},"end":{"line":69,"column":5}},"34":{"start":{"line":61,"column":18},"end":{"line":61,"column":71}},"35":{"start":{"line":62,"column":6},"end":{"line":66,"column":7}},"36":{"start":{"line":63,"column":8},"end":{"line":63,"column":71}},"37":{"start":{"line":63,"column":43},"end":{"line":63,"column":68}},"38":{"start":{"line":65,"column":8},"end":{"line":65,"column":46}},"39":{"start":{"line":68,"column":6},"end":{"line":68,"column":52}},"40":{"start":{"line":72,"column":2},"end":{"line":74,"column":3}},"41":{"start":{"line":73,"column":4},"end":{"line":73,"column":59}},"42":{"start":{"line":76,"column":2},"end":{"line":196,"column":4}},"43":{"start":{"line":105,"column":12},"end":{"line":191,"column":17}},"44":{"start":{"line":159,"column":43},"end":{"line":159,"column":73}},"45":{"start":{"line":177,"column":37},"end":{"line":177,"column":50}},"46":{"start":{"line":183,"column":37},"end":{"line":183,"column":69}}},"fnMap":{"0":{"name":"Usuarios","decl":{"start":{"line":3,"column":9},"end":{"line":3,"column":17}},"loc":{"start":{"line":3,"column":35},"end":{"line":197,"column":1}},"line":3},"1":{"name":"(anonymous_1)","decl":{"start":{"line":11,"column":25},"end":{"line":11,"column":26}},"loc":{"start":{"line":11,"column":37},"end":{"line":19,"column":3}},"line":11},"2":{"name":"(anonymous_2)","decl":{"start":{"line":21,"column":12},"end":{"line":21,"column":13}},"loc":{"start":{"line":21,"column":18},"end":{"line":23,"column":3}},"line":21},"3":{"name":"(anonymous_3)","decl":{"start":{"line":25,"column":21},"end":{"line":25,"column":22}},"loc":{"start":{"line":25,"column":28},"end":{"line":28,"column":3}},"line":25},"4":{"name":"(anonymous_4)","decl":{"start":{"line":30,"column":23},"end":{"line":30,"column":24}},"loc":{"start":{"line":30,"column":29},"end":{"line":33,"column":3}},"line":30},"5":{"name":"(anonymous_5)","decl":{"start":{"line":35,"column":23},"end":{"line":35,"column":24}},"loc":{"start":{"line":35,"column":30},"end":{"line":37,"column":3}},"line":35},"6":{"name":"(anonymous_6)","decl":{"start":{"line":39,"column":21},"end":{"line":39,"column":22}},"loc":{"start":{"line":39,"column":35},"end":{"line":56,"column":3}},"line":39},"7":{"name":"(anonymous_7)","decl":{"start":{"line":58,"column":23},"end":{"line":58,"column":24}},"loc":{"start":{"line":58,"column":37},"end":{"line":70,"column":3}},"line":58},"8":{"name":"(anonymous_8)","decl":{"start":{"line":63,"column":36},"end":{"line":63,"column":37}},"loc":{"start":{"line":63,"column":43},"end":{"line":63,"column":68}},"line":63},"9":{"name":"(anonymous_9)","decl":{"start":{"line":104,"column":24},"end":{"line":104,"column":25}},"loc":{"start":{"line":105,"column":12},"end":{"line":191,"column":17}},"line":105},"10":{"name":"(anonymous_10)","decl":{"start":{"line":159,"column":37},"end":{"line":159,"column":38}},"loc":{"start":{"line":159,"column":43},"end":{"line":159,"column":73}},"line":159},"11":{"name":"(anonymous_11)","decl":{"start":{"line":177,"column":31},"end":{"line":177,"column":32}},"loc":{"start":{"line":177,"column":37},"end":{"line":177,"column":50}},"line":177},"12":{"name":"(anonymous_12)","decl":{"start":{"line":183,"column":31},"end":{"line":183,"column":32}},"loc":{"start":{"line":183,"column":37},"end":{"line":183,"column":69}},"line":183}},"branchMap":{"0":{"loc":{"start":{"line":22,"column":4},"end":{"line":22,"column":54}},"type":"if","locations":[{"start":{"line":22,"column":4},"end":{"line":22,"column":54}},{"start":{},"end":{}}],"line":22},"1":{"loc":{"start":{"line":47,"column":6},"end":{"line":52,"column":7}},"type":"if","locations":[{"start":{"line":47,"column":6},"end":{"line":52,"column":7}},{"start":{"line":50,"column":13},"end":{"line":52,"column":7}}],"line":47},"2":{"loc":{"start":{"line":59,"column":4},"end":{"line":59,"column":77}},"type":"if","locations":[{"start":{"line":59,"column":4},"end":{"line":59,"column":77}},{"start":{},"end":{}}],"line":59},"3":{"loc":{"start":{"line":62,"column":6},"end":{"line":66,"column":7}},"type":"if","locations":[{"start":{"line":62,"column":6},"end":{"line":66,"column":7}},{"start":{"line":64,"column":13},"end":{"line":66,"column":7}}],"line":62},"4":{"loc":{"start":{"line":72,"column":2},"end":{"line":74,"column":3}},"type":"if","locations":[{"start":{"line":72,"column":2},"end":{"line":74,"column":3}},{"start":{},"end":{}}],"line":72},"5":{"loc":{"start":{"line":79,"column":7},"end":{"line":79,"column":55}},"type":"binary-expr","locations":[{"start":{"line":79,"column":7},"end":{"line":79,"column":12}},{"start":{"line":79,"column":16},"end":{"line":79,"column":55}}],"line":79},"6":{"loc":{"start":{"line":106,"column":15},"end":{"line":190,"column":15}},"type":"cond-expr","locations":[{"start":{"line":107,"column":16},"end":{"line":164,"column":19}},{"start":{"line":166,"column":16},"end":{"line":189,"column":19}}],"line":106}},"s":{"0":10,"1":10,"2":10,"3":10,"4":10,"5":10,"6":5,"7":5,"8":5,"9":4,"10":1,"11":10,"12":7,"13":5,"14":10,"15":0,"16":0,"17":10,"18":0,"19":0,"20":10,"21":0,"22":10,"23":0,"24":0,"25":0,"26":0,"27":0,"28":0,"29":0,"30":10,"31":1,"32":0,"33":1,"34":1,"35":1,"36":1,"37":1,"38":0,"39":0,"40":10,"41":2,"42":8,"43":3,"44":0,"45":0,"46":1},"f":{"0":10,"1":5,"2":7,"3":0,"4":0,"5":0,"6":0,"7":1,"8":1,"9":3,"10":0,"11":0,"12":1},"b":{"0":[5,2],"1":[0,0],"2":[0,1],"3":[1,0],"4":[2,8],"5":[8,0],"6":[0,3]},"_coverageSchema":"1a1c01bbd47fc00a2c39e90264f33305004495a9","hash":"c2a0591835276ab23f91bb969a6bf9968830ebec"}
,"/home/etec/Documentos/Proyecto-Inversiones-en-Dolares/Frontend/src/components/HelloWorld.jsx": {"path":"/home/etec/Documentos/Proyecto-Inversiones-en-Dolares/Frontend/src/components/HelloWorld.jsx","statementMap":{"0":{"start":{"line":2,"column":2},"end":{"line":2,"column":33}}},"fnMap":{"0":{"name":"HelloWorld","decl":{"start":{"line":1,"column":24},"end":{"line":1,"column":34}},"loc":{"start":{"line":1,"column":45},"end":{"line":3,"column":1}},"line":1}},"branchMap":{},"s":{"0":1},"f":{"0":1},"b":{},"_coverageSchema":"1a1c01bbd47fc00a2c39e90264f33305004495a9","hash":"372b958d6426bdbfa6bccf396f4b2cfe01e4e698"}
}
