TN:
SF:src/App.jsx
FN:5,App
FN:57,(anonymous_1)
FN:58,(anonymous_2)
FN:77,(anonymous_3)
FN:80,(anonymous_4)
FN:135,(anonymous_5)
FN:152,(anonymous_6)
FN:178,(anonymous_7)
FN:202,(anonymous_8)
FN:219,(anonymous_9)
FN:249,(anonymous_10)
FN:252,(anonymous_11)
FN:253,(anonymous_12)
FN:254,(anonymous_13)
FN:256,(anonymous_14)
FN:259,(anonymous_15)
FN:262,(anonymous_16)
FN:265,(anonymous_17)
FN:269,(anonymous_18)
FN:304,(anonymous_19)
FN:377,(anonymous_20)
FN:386,(anonymous_21)
FN:408,(anonymous_22)
FN:435,(anonymous_23)
FN:443,(anonymous_24)
FN:472,(anonymous_25)
FN:481,(anonymous_26)
FN:490,(anonymous_27)
FN:499,(anonymous_28)
FN:507,(anonymous_29)
FN:516,(anonymous_30)
FN:525,(anonymous_31)
FN:551,(anonymous_32)
FN:560,(anonymous_33)
FN:578,(anonymous_34)
FN:584,(anonymous_35)
FN:601,(anonymous_36)
FN:611,(anonymous_37)
FN:624,(anonymous_38)
FN:634,(anonymous_39)
FN:647,(anonymous_40)
FN:677,(anonymous_41)
FNF:42
FNH:26
FNDA:43,App
FNDA:6,(anonymous_1)
FNDA:6,(anonymous_2)
FNDA:6,(anonymous_3)
FNDA:1,(anonymous_4)
FNDA:0,(anonymous_5)
FNDA:2,(anonymous_6)
FNDA:3,(anonymous_7)
FNDA:1,(anonymous_8)
FNDA:1,(anonymous_9)
FNDA:0,(anonymous_10)
FNDA:0,(anonymous_11)
FNDA:1,(anonymous_12)
FNDA:0,(anonymous_13)
FNDA:2,(anonymous_14)
FNDA:3,(anonymous_15)
FNDA:2,(anonymous_16)
FNDA:0,(anonymous_17)
FNDA:1,(anonymous_18)
FNDA:0,(anonymous_19)
FNDA:1,(anonymous_20)
FNDA:1,(anonymous_21)
FNDA:0,(anonymous_22)
FNDA:0,(anonymous_23)
FNDA:0,(anonymous_24)
FNDA:2,(anonymous_25)
FNDA:2,(anonymous_26)
FNDA:2,(anonymous_27)
FNDA:0,(anonymous_28)
FNDA:2,(anonymous_29)
FNDA:2,(anonymous_30)
FNDA:2,(anonymous_31)
FNDA:3,(anonymous_32)
FNDA:3,(anonymous_33)
FNDA:0,(anonymous_34)
FNDA:1,(anonymous_35)
FNDA:1,(anonymous_36)
FNDA:0,(anonymous_37)
FNDA:0,(anonymous_38)
FNDA:0,(anonymous_39)
FNDA:0,(anonymous_40)
FNDA:0,(anonymous_41)
DA:6,43
DA:7,43
DA:8,43
DA:10,43
DA:12,43
DA:13,43
DA:14,43
DA:15,43
DA:16,43
DA:17,43
DA:18,43
DA:19,43
DA:21,43
DA:22,43
DA:23,43
DA:25,43
DA:37,43
DA:38,43
DA:40,43
DA:43,43
DA:44,43
DA:45,43
DA:48,43
DA:54,43
DA:57,43
DA:58,6
DA:59,6
DA:60,6
DA:63,6
DA:64,6
DA:70,0
DA:74,6
DA:76,6
DA:77,6
DA:80,43
DA:81,1
DA:82,1
DA:83,1
DA:84,1
DA:86,1
DA:87,0
DA:88,0
DA:90,1
DA:91,0
DA:92,0
DA:95,1
DA:96,1
DA:97,1
DA:100,1
DA:101,0
DA:102,0
DA:117,0
DA:118,0
DA:119,0
DA:123,0
DA:125,0
DA:128,0
DA:131,1
DA:135,43
DA:136,0
DA:137,0
DA:138,0
DA:139,0
DA:140,0
DA:143,0
DA:144,0
DA:145,0
DA:146,0
DA:147,0
DA:149,0
DA:152,43
DA:153,2
DA:154,2
DA:155,2
DA:156,2
DA:169,2
DA:170,2
DA:171,1
DA:173,0
DA:175,0
DA:178,43
DA:179,3
DA:180,3
DA:181,3
DA:189,3
DA:190,3
DA:191,3
DA:192,3
DA:193,3
DA:195,0
DA:198,0
DA:202,43
DA:203,1
DA:204,1
DA:205,1
DA:210,1
DA:211,1
DA:212,0
DA:214,0
DA:219,43
DA:220,1
DA:222,1
DA:223,1
DA:224,1
DA:226,1
DA:228,1
DA:229,1
DA:231,0
DA:232,0
DA:233,0
DA:236,0
DA:237,0
DA:238,0
DA:242,43
DA:249,0
DA:252,0
DA:253,1
DA:254,0
DA:256,2
DA:259,3
DA:262,2
DA:265,0
DA:270,1
DA:271,1
DA:282,1
DA:304,0
DA:377,1
DA:386,1
DA:408,0
DA:435,0
DA:443,0
DA:472,2
DA:481,2
DA:490,2
DA:499,0
DA:507,2
DA:516,2
DA:525,2
DA:551,3
DA:560,3
DA:578,0
DA:585,1
DA:586,1
DA:602,1
DA:612,0
DA:625,0
DA:635,0
DA:648,0
DA:678,0
LF:149
LH:98
BRDA:86,0,0,0
BRDA:86,0,1,1
BRDA:86,1,0,1
BRDA:86,1,1,1
BRDA:86,1,2,1
BRDA:90,2,0,0
BRDA:90,2,1,1
BRDA:90,3,0,1
BRDA:90,3,1,1
BRDA:90,3,2,1
BRDA:100,4,0,0
BRDA:100,4,1,1
BRDA:100,5,0,1
BRDA:100,5,1,0
BRDA:118,6,0,0
BRDA:118,6,1,0
BRDA:138,7,0,0
BRDA:138,7,1,0
BRDA:138,8,0,0
BRDA:138,8,1,0
BRDA:144,9,0,0
BRDA:144,9,1,0
BRDA:146,10,0,0
BRDA:146,10,1,0
BRDA:154,11,0,2
BRDA:154,11,1,0
BRDA:154,12,0,2
BRDA:154,12,1,2
BRDA:154,12,2,2
BRDA:154,12,3,2
BRDA:154,12,4,2
BRDA:154,12,5,2
BRDA:170,13,0,1
BRDA:170,13,1,1
BRDA:190,14,0,3
BRDA:190,14,1,0
BRDA:211,15,0,1
BRDA:211,15,1,0
BRDA:220,16,0,0
BRDA:220,16,1,1
BRDA:228,17,0,1
BRDA:228,17,1,0
BRDA:255,18,0,43
BRDA:255,18,1,36
BRDA:258,19,0,43
BRDA:258,19,1,36
BRDA:261,20,0,43
BRDA:261,20,1,7
BRDA:264,21,0,43
BRDA:264,21,1,7
BRDA:264,21,2,0
BRDA:267,22,0,43
BRDA:267,22,1,7
BRDA:293,23,0,43
BRDA:293,23,1,0
BRDA:293,23,2,0
BRDA:293,23,3,0
BRDA:297,24,0,43
BRDA:297,24,1,10
BRDA:356,25,0,43
BRDA:356,25,1,4
BRDA:359,26,0,0
BRDA:359,26,1,4
BRDA:392,27,0,4
BRDA:392,27,1,1
BRDA:416,28,0,43
BRDA:416,28,1,0
BRDA:452,29,0,0
BRDA:452,29,1,0
BRDA:463,30,0,43
BRDA:463,30,1,16
BRDA:463,30,2,16
BRDA:531,31,0,16
BRDA:531,31,1,1
BRDA:542,32,0,43
BRDA:542,32,1,9
BRDA:542,32,2,9
BRDA:570,33,0,43
BRDA:570,33,1,4
BRDA:570,33,2,4
BRDA:577,34,0,3
BRDA:577,34,1,1
BRDA:583,35,0,1
BRDA:583,35,1,3
BRDA:594,36,0,4
BRDA:594,36,1,3
BRDA:657,37,0,4
BRDA:657,37,1,1
BRDA:660,38,0,1
BRDA:660,38,1,0
BRDA:681,39,0,0
BRDA:681,39,1,0
BRDA:687,40,0,0
BRDA:687,40,1,0
BRF:94
BRH:62
end_of_record
TN:
SF:src/Usuarios.jsx
FN:3,Usuarios
FN:11,(anonymous_1)
FN:21,(anonymous_2)
FN:25,(anonymous_3)
FN:30,(anonymous_4)
FN:35,(anonymous_5)
FN:39,(anonymous_6)
FN:58,(anonymous_7)
FN:63,(anonymous_8)
FN:104,(anonymous_9)
FN:159,(anonymous_10)
FN:177,(anonymous_11)
FN:183,(anonymous_12)
FNF:13
FNH:7
FNDA:10,Usuarios
FNDA:5,(anonymous_1)
FNDA:7,(anonymous_2)
FNDA:0,(anonymous_3)
FNDA:0,(anonymous_4)
FNDA:0,(anonymous_5)
FNDA:0,(anonymous_6)
FNDA:1,(anonymous_7)
FNDA:1,(anonymous_8)
FNDA:3,(anonymous_9)
FNDA:0,(anonymous_10)
FNDA:0,(anonymous_11)
FNDA:1,(anonymous_12)
DA:4,10
DA:5,10
DA:6,10
DA:7,10
DA:9,10
DA:11,10
DA:12,5
DA:13,5
DA:14,5
DA:15,4
DA:17,1
DA:21,10
DA:22,7
DA:25,10
DA:26,0
DA:27,0
DA:30,10
DA:31,0
DA:32,0
DA:35,10
DA:36,0
DA:39,10
DA:40,0
DA:41,0
DA:47,0
DA:48,0
DA:49,0
DA:51,0
DA:54,0
DA:58,10
DA:59,1
DA:60,1
DA:61,1
DA:62,1
DA:63,1
DA:65,0
DA:68,0
DA:72,10
DA:73,2
DA:76,8
DA:105,3
DA:159,0
DA:177,0
DA:183,1
LF:44
LH:28
BRDA:22,0,0,5
BRDA:22,0,1,2
BRDA:47,1,0,0
BRDA:47,1,1,0
BRDA:59,2,0,0
BRDA:59,2,1,1
BRDA:62,3,0,1
BRDA:62,3,1,0
BRDA:72,4,0,2
BRDA:72,4,1,8
BRDA:79,5,0,8
BRDA:79,5,1,0
BRDA:106,6,0,0
BRDA:106,6,1,3
BRF:14
BRH:8
end_of_record
TN:
SF:src/components/HelloWorld.jsx
FN:1,HelloWorld
FNF:1
FNH:1
FNDA:1,HelloWorld
DA:2,1
LF:1
LH:1
BRF:0
BRH:0
end_of_record
