TN:
SF:src/App.jsx
FN:6,App
FN:52,(anonymous_1)
FN:53,(anonymous_2)
FN:70,(anonymous_3)
FN:73,(anonymous_4)
FN:96,(anonymous_5)
FN:136,(anonymous_6)
FN:153,(anonymous_7)
FN:179,(anonymous_8)
FN:200,(anonymous_9)
FN:224,(anonymous_10)
FN:227,(anonymous_11)
FN:228,(anonymous_12)
FN:229,(anonymous_13)
FN:230,(anonymous_14)
FN:231,(anonymous_15)
FN:232,(anonymous_16)
FN:234,(anonymous_17)
FN:238,(anonymous_18)
FN:261,(anonymous_19)
FN:308,(anonymous_20)
FN:317,(anonymous_21)
FN:336,(anonymous_22)
FN:357,(anonymous_23)
FN:365,(anonymous_24)
FN:394,(anonymous_25)
FN:403,(anonymous_26)
FN:412,(anonymous_27)
FN:421,(anonymous_28)
FN:429,(anonymous_29)
FN:438,(anonymous_30)
FN:447,(anonymous_31)
FN:473,(anonymous_32)
FN:482,(anonymous_33)
FN:500,(anonymous_34)
FN:510,(anonymous_35)
FN:520,(anonymous_36)
FN:530,(anonymous_37)
FN:540,(anonymous_38)
FNF:39
FNH:0
FNDA:0,App
FNDA:0,(anonymous_1)
FNDA:0,(anonymous_2)
FNDA:0,(anonymous_3)
FNDA:0,(anonymous_4)
FNDA:0,(anonymous_5)
FNDA:0,(anonymous_6)
FNDA:0,(anonymous_7)
FNDA:0,(anonymous_8)
FNDA:0,(anonymous_9)
FNDA:0,(anonymous_10)
FNDA:0,(anonymous_11)
FNDA:0,(anonymous_12)
FNDA:0,(anonymous_13)
FNDA:0,(anonymous_14)
FNDA:0,(anonymous_15)
FNDA:0,(anonymous_16)
FNDA:0,(anonymous_17)
FNDA:0,(anonymous_18)
FNDA:0,(anonymous_19)
FNDA:0,(anonymous_20)
FNDA:0,(anonymous_21)
FNDA:0,(anonymous_22)
FNDA:0,(anonymous_23)
FNDA:0,(anonymous_24)
FNDA:0,(anonymous_25)
FNDA:0,(anonymous_26)
FNDA:0,(anonymous_27)
FNDA:0,(anonymous_28)
FNDA:0,(anonymous_29)
FNDA:0,(anonymous_30)
FNDA:0,(anonymous_31)
FNDA:0,(anonymous_32)
FNDA:0,(anonymous_33)
FNDA:0,(anonymous_34)
FNDA:0,(anonymous_35)
FNDA:0,(anonymous_36)
FNDA:0,(anonymous_37)
FNDA:0,(anonymous_38)
DA:7,0
DA:8,0
DA:9,0
DA:11,0
DA:13,0
DA:14,0
DA:15,0
DA:16,0
DA:17,0
DA:18,0
DA:19,0
DA:20,0
DA:22,0
DA:23,0
DA:24,0
DA:26,0
DA:35,0
DA:38,0
DA:39,0
DA:40,0
DA:43,0
DA:49,0
DA:52,0
DA:53,0
DA:54,0
DA:55,0
DA:56,0
DA:57,0
DA:63,0
DA:67,0
DA:69,0
DA:70,0
DA:73,0
DA:74,0
DA:75,0
DA:88,0
DA:89,0
DA:90,0
DA:92,0
DA:96,0
DA:97,0
DA:98,0
DA:99,0
DA:101,0
DA:102,0
DA:103,0
DA:105,0
DA:106,0
DA:107,0
DA:110,0
DA:111,0
DA:112,0
DA:115,0
DA:116,0
DA:129,0
DA:130,0
DA:132,0
DA:136,0
DA:137,0
DA:138,0
DA:139,0
DA:140,0
DA:141,0
DA:144,0
DA:145,0
DA:146,0
DA:147,0
DA:148,0
DA:150,0
DA:153,0
DA:154,0
DA:155,0
DA:156,0
DA:157,0
DA:170,0
DA:171,0
DA:172,0
DA:174,0
DA:176,0
DA:179,0
DA:180,0
DA:181,0
DA:182,0
DA:187,0
DA:188,0
DA:189,0
DA:190,0
DA:191,0
DA:193,0
DA:196,0
DA:200,0
DA:201,0
DA:202,0
DA:203,0
DA:208,0
DA:209,0
DA:210,0
DA:212,0
DA:217,0
DA:224,0
DA:227,0
DA:228,0
DA:229,0
DA:230,0
DA:231,0
DA:232,0
DA:234,0
DA:239,0
DA:240,0
DA:261,0
DA:308,0
DA:317,0
DA:336,0
DA:357,0
DA:365,0
DA:394,0
DA:403,0
DA:412,0
DA:421,0
DA:429,0
DA:438,0
DA:447,0
DA:473,0
DA:482,0
DA:501,0
DA:511,0
DA:521,0
DA:531,0
DA:541,0
LF:129
LH:0
BRDA:89,0,0,0
BRDA:89,0,1,0
BRDA:101,1,0,0
BRDA:101,1,1,0
BRDA:101,2,0,0
BRDA:101,2,1,0
BRDA:101,2,2,0
BRDA:105,3,0,0
BRDA:105,3,1,0
BRDA:105,4,0,0
BRDA:105,4,1,0
BRDA:105,4,2,0
BRDA:130,5,0,0
BRDA:130,5,1,0
BRDA:139,6,0,0
BRDA:139,6,1,0
BRDA:139,7,0,0
BRDA:139,7,1,0
BRDA:145,8,0,0
BRDA:145,8,1,0
BRDA:147,9,0,0
BRDA:147,9,1,0
BRDA:155,10,0,0
BRDA:155,10,1,0
BRDA:155,11,0,0
BRDA:155,11,1,0
BRDA:155,11,2,0
BRDA:155,11,3,0
BRDA:155,11,4,0
BRDA:155,11,5,0
BRDA:171,12,0,0
BRDA:171,12,1,0
BRDA:188,13,0,0
BRDA:188,13,1,0
BRDA:209,14,0,0
BRDA:209,14,1,0
BRDA:230,15,0,0
BRDA:230,15,1,0
BRDA:231,16,0,0
BRDA:231,16,1,0
BRDA:232,17,0,0
BRDA:232,17,1,0
BRDA:233,18,0,0
BRDA:233,18,1,0
BRDA:233,18,2,0
BRDA:236,19,0,0
BRDA:236,19,1,0
BRDA:250,20,0,0
BRDA:250,20,1,0
BRDA:250,20,2,0
BRDA:254,21,0,0
BRDA:254,21,1,0
BRDA:299,22,0,0
BRDA:299,22,1,0
BRDA:323,23,0,0
BRDA:323,23,1,0
BRDA:345,24,0,0
BRDA:345,24,1,0
BRDA:374,25,0,0
BRDA:374,25,1,0
BRDA:385,26,0,0
BRDA:385,26,1,0
BRDA:385,26,2,0
BRDA:453,27,0,0
BRDA:453,27,1,0
BRDA:464,28,0,0
BRDA:464,28,1,0
BRDA:464,28,2,0
BRDA:491,29,0,0
BRDA:491,29,1,0
BRDA:491,29,2,0
BRF:71
BRH:0
end_of_record
TN:
SF:src/Usuarios.jsx
FN:3,Usuarios
FN:11,(anonymous_1)
FN:21,(anonymous_2)
FN:25,(anonymous_3)
FN:30,(anonymous_4)
FN:35,(anonymous_5)
FN:39,(anonymous_6)
FN:58,(anonymous_7)
FN:63,(anonymous_8)
FN:100,(anonymous_9)
FN:151,(anonymous_10)
FN:169,(anonymous_11)
FN:175,(anonymous_12)
FNF:13
FNH:4
FNDA:7,Usuarios
FNDA:3,(anonymous_1)
FNDA:5,(anonymous_2)
FNDA:0,(anonymous_3)
FNDA:0,(anonymous_4)
FNDA:0,(anonymous_5)
FNDA:0,(anonymous_6)
FNDA:0,(anonymous_7)
FNDA:0,(anonymous_8)
FNDA:2,(anonymous_9)
FNDA:0,(anonymous_10)
FNDA:0,(anonymous_11)
FNDA:0,(anonymous_12)
DA:4,7
DA:5,7
DA:6,7
DA:7,7
DA:9,7
DA:11,7
DA:12,3
DA:13,3
DA:14,3
DA:15,2
DA:17,1
DA:21,7
DA:22,5
DA:25,7
DA:26,0
DA:27,0
DA:30,7
DA:31,0
DA:32,0
DA:35,7
DA:36,0
DA:39,7
DA:40,0
DA:41,0
DA:47,0
DA:48,0
DA:49,0
DA:51,0
DA:54,0
DA:58,7
DA:59,0
DA:60,0
DA:61,0
DA:62,0
DA:63,0
DA:65,0
DA:68,0
DA:72,7
DA:73,2
DA:76,5
DA:101,2
DA:151,0
DA:169,0
DA:175,0
LF:44
LH:22
BRDA:22,0,0,3
BRDA:22,0,1,2
BRDA:47,1,0,0
BRDA:47,1,1,0
BRDA:59,2,0,0
BRDA:59,2,1,0
BRDA:62,3,0,0
BRDA:62,3,1,0
BRDA:72,4,0,2
BRDA:72,4,1,5
BRDA:79,5,0,5
BRDA:79,5,1,0
BRDA:102,6,0,0
BRDA:102,6,1,2
BRF:14
BRH:6
end_of_record
TN:
SF:src/components/HelloWorld.jsx
FN:1,HelloWorld
FNF:1
FNH:1
FNDA:1,HelloWorld
DA:2,1
LF:1
LH:1
BRF:0
BRH:0
end_of_record
